Using pre-set license
Built from '2021.3/staging' branch; Version is '2021.3.5f1 (40eb3a945986) revision 4254522'; Using compiler version '192829333'; Build Type 'Release'
OS: 'Windows 11  (10.0.22000) 64bit CoreSingleLanguage' Language: 'ru' Physical Memory: 16221 MB
BatchMode: 1, IsHumanControllingUs: 0, StartBugReporterOnCrash: 0, Is64bit: 1, IsPro: 1

COMMAND LINE ARGUMENTS:
D:\Unity\123v\2021.3.5f1\Editor\Unity.exe
-adb2
-batchMode
-noUpm
-name
AssetImportWorker4
-projectPath
D:/Unity/FPU/FirstProjectUnity
-logFile
Logs/AssetImportWorker4.log
-srvPort
51121
Successfully changed project path to: D:/Unity/FPU/FirstProjectUnity
D:/Unity/FPU/FirstProjectUnity
[UnityMemory] Configuration Parameters - Can be set up in boot.config
    "memorysetup-bucket-allocator-granularity=16"
    "memorysetup-bucket-allocator-bucket-count=8"
    "memorysetup-bucket-allocator-block-size=33554432"
    "memorysetup-bucket-allocator-block-count=8"
    "memorysetup-main-allocator-block-size=16777216"
    "memorysetup-thread-allocator-block-size=16777216"
    "memorysetup-gfx-main-allocator-block-size=16777216"
    "memorysetup-gfx-thread-allocator-block-size=16777216"
    "memorysetup-cache-allocator-block-size=4194304"
    "memorysetup-typetree-allocator-block-size=2097152"
    "memorysetup-profiler-bucket-allocator-granularity=16"
    "memorysetup-profiler-bucket-allocator-bucket-count=8"
    "memorysetup-profiler-bucket-allocator-block-size=33554432"
    "memorysetup-profiler-bucket-allocator-block-count=8"
    "memorysetup-profiler-allocator-block-size=16777216"
    "memorysetup-profiler-editor-allocator-block-size=1048576"
    "memorysetup-temp-allocator-size-main=16777216"
    "memorysetup-job-temp-allocator-block-size=2097152"
    "memorysetup-job-temp-allocator-block-size-background=1048576"
    "memorysetup-job-temp-allocator-reduction-small-platforms=262144"
    "memorysetup-temp-allocator-size-background-worker=32768"
    "memorysetup-temp-allocator-size-job-worker=262144"
    "memorysetup-temp-allocator-size-preload-manager=33554432"
    "memorysetup-temp-allocator-size-nav-mesh-worker=65536"
    "memorysetup-temp-allocator-size-audio-worker=65536"
    "memorysetup-temp-allocator-size-cloud-worker=32768"
    "memorysetup-temp-allocator-size-gi-baking-worker=262144"
    "memorysetup-temp-allocator-size-gfx=262144"
Refreshing native plugins compatible for Editor in 155.00 ms, found 3 plugins.
Preloading 0 native plugins for Editor in 0.00 ms.
Initialize engine version: 2021.3.5f1 (40eb3a945986)
[Subsystems] Discovering subsystems at path D:/Unity/123v/2021.3.5f1/Editor/Data/Resources/UnitySubsystems
[Subsystems] Discovering subsystems at path D:/Unity/FPU/FirstProjectUnity/Assets
GfxDevice: creating device client; threaded=0; jobified=0
Direct3D:
    Version:  Direct3D 11.0 [level 11.1]
    Renderer: NVIDIA GeForce GTX 1650 Ti (ID=0x1f95)
    Vendor:   NVIDIA
    VRAM:     3949 MB
    Driver:   31.0.15.2756
Initialize mono
Mono path[0] = 'D:/Unity/123v/2021.3.5f1/Editor/Data/Managed'
Mono path[1] = 'D:/Unity/123v/2021.3.5f1/Editor/Data/MonoBleedingEdge/lib/mono/unityjit-win32'
Mono config path = 'D:/Unity/123v/2021.3.5f1/Editor/Data/MonoBleedingEdge/etc'
Using monoOptions --debugger-agent=transport=dt_socket,embedding=1,server=y,suspend=n,address=127.0.0.1:56084
Begin MonoManager ReloadAssembly
Registering precompiled unity dll's ...
Register platform support module: D:/Unity/123v/2021.3.5f1/Editor/Data/PlaybackEngines/WebGLSupport/UnityEditor.WebGL.Extensions.dll
Register platform support module: D:/Unity/123v/2021.3.5f1/Editor/Data/PlaybackEngines/MacStandaloneSupport/UnityEditor.OSXStandalone.Extensions.dll
Register platform support module: D:/Unity/123v/2021.3.5f1/Editor/Data/PlaybackEngines/AndroidPlayer/UnityEditor.Android.Extensions.dll
Register platform support module: D:/Unity/123v/2021.3.5f1/Editor/Data/PlaybackEngines/iOSSupport/UnityEditor.iOS.Extensions.dll
Register platform support module: D:/Unity/123v/2021.3.5f1/Editor/Data/PlaybackEngines/WindowsStandaloneSupport/UnityEditor.WindowsStandalone.Extensions.dll
Registered in 0.003249 seconds.
Native extension for WindowsStandalone target not found
[usbmuxd] Start listen thread
[usbmuxd] Listen thread started
Native extension for iOS target not found
Native extension for Android target not found
Native extension for OSXStandalone target not found
Native extension for WebGL target not found
Refreshing native plugins compatible for Editor in 170.70 ms, found 3 plugins.
Preloading 0 native plugins for Editor in 0.00 ms.
Mono: successfully reloaded assembly
- Completed reload, in  0.905 seconds
Domain Reload Profiling:
	ReloadAssembly (906ms)
		BeginReloadAssembly (80ms)
			ExecutionOrderSort (0ms)
			DisableScriptedObjects (0ms)
			BackupInstance (0ms)
			ReleaseScriptingObjects (0ms)
			CreateAndSetChildDomain (1ms)
		EndReloadAssembly (696ms)
			LoadAssemblies (79ms)
			RebuildTransferFunctionScriptingTraits (0ms)
			SetupTypeCache (145ms)
			ReleaseScriptCaches (0ms)
			RebuildScriptCaches (43ms)
			SetupLoadedEditorAssemblies (437ms)
				LogAssemblyErrors (0ms)
				InitializePlatformSupportModulesInManaged (81ms)
				SetLoadedEditorAssemblies (0ms)
				RefreshPlugins (171ms)
				BeforeProcessingInitializeOnLoad (1ms)
				ProcessInitializeOnLoadAttributes (124ms)
				ProcessInitializeOnLoadMethodAttributes (60ms)
				AfterProcessingInitializeOnLoad (0ms)
				EditorAssembliesLoaded (0ms)
			ExecutionOrderSort2 (0ms)
			AwakeInstancesAfterBackupRestoration (0ms)
Platform modules already initialized, skipping
Registering precompiled user dll's ...
Registered in 0.005816 seconds.
Android Extension - Scanning For ADB Devices 4524 ms
Begin MonoManager ReloadAssembly
Symbol file LoadedFromMemory doesn't match image D:\Unity\FPU\FirstProjectUnity\Library\PackageCache\com.unity.visualscripting@1.7.8\Editor\VisualScripting.Core\Dependencies\YamlDotNet\Unity.VisualScripting.YamlDotNet.dll
Symbol file LoadedFromMemory doesn't match image D:\Unity\FPU\FirstProjectUnity\Library\PackageCache\com.unity.visualscripting@1.7.8\Editor\VisualScripting.Core\Dependencies\DotNetZip\Unity.VisualScripting.IonicZip.dll
Native extension for WindowsStandalone target not found
Native extension for iOS target not found
Native extension for Android target not found
Native extension for OSXStandalone target not found
Native extension for WebGL target not found
Refreshing native plugins compatible for Editor in 166.21 ms, found 3 plugins.
Preloading 0 native plugins for Editor in 0.00 ms.
Mono: successfully reloaded assembly
- Completed reload, in  3.831 seconds
Domain Reload Profiling:
	ReloadAssembly (3832ms)
		BeginReloadAssembly (134ms)
			ExecutionOrderSort (0ms)
			DisableScriptedObjects (8ms)
			BackupInstance (0ms)
			ReleaseScriptingObjects (0ms)
			CreateAndSetChildDomain (25ms)
		EndReloadAssembly (3314ms)
			LoadAssemblies (1606ms)
			RebuildTransferFunctionScriptingTraits (0ms)
			SetupTypeCache (379ms)
			ReleaseScriptCaches (1ms)
			RebuildScriptCaches (70ms)
			SetupLoadedEditorAssemblies (1166ms)
				LogAssemblyErrors (0ms)
				InitializePlatformSupportModulesInManaged (30ms)
				SetLoadedEditorAssemblies (0ms)
				RefreshPlugins (166ms)
				BeforeProcessingInitializeOnLoad (170ms)
				ProcessInitializeOnLoadAttributes (700ms)
				ProcessInitializeOnLoadMethodAttributes (97ms)
				AfterProcessingInitializeOnLoad (2ms)
				EditorAssembliesLoaded (0ms)
			ExecutionOrderSort2 (0ms)
			AwakeInstancesAfterBackupRestoration (8ms)
Platform modules already initialized, skipping
========================================================================
Worker process is ready to serve import requests
Launched and connected shader compiler UnityShaderCompiler.exe after 0.29 seconds
Refreshing native plugins compatible for Editor in 0.88 ms, found 3 plugins.
Preloading 0 native plugins for Editor in 0.00 ms.
Unloading 6155 Unused Serialized files (Serialized files now loaded: 0)
Unloading 204 unused Assets / (17.1 MB). Loaded Objects now: 6463.
Memory consumption went from 253.6 MB to 236.5 MB.
Total: 9.387100 ms (FindLiveObjects: 0.565900 ms CreateObjectMapping: 0.517500 ms MarkObjects: 3.413200 ms  DeleteObjects: 4.889400 ms)

AssetImportParameters requested are different than current active one (requested -> active):
  custom:video-decoder-ogg-theora: a1e56fd34408186e4bbccfd4996cb3dc -> 
  custom:container-muxer-webm: aa71ff27fc2769a1b78a27578f13a17b -> 
  custom:container-demuxer-webm: 4f35f7cbe854078d1ac9338744f61a02 -> 
  custom:video-encoder-webm-vp8: eb34c28f22e8b96e1ab97ce403110664 -> 
  custom:video-codec-MediaFoundation-h265: 746d11721c4dcdbdad8f713fa42b33f4 -> 
  custom:audio-encoder-webm-vorbis: bf7c407c2cedff20999df2af8eb42d56 -> 
  custom:framework-win-MediaFoundation: 216162199b28c13a410421893ffa2e32 -> 
  custom:container-demuxer-ogg: 62fdf1f143b41e24485cea50d1cbac27 -> 
  custom:video-decoder-webm-vp8: 9c59270c3fd7afecdb556c50c9e8de78 -> 
  custom:audio-decoder-ogg-vorbis: bf7c407c2cedff20999df2af8eb42d56 -> 
========================================================================
Received Import Request.
  Time since last request: 777310.104806 seconds.
  path: Assets/_Project/Materials/Bitum.mat
  artifactKey: Guid(6759900f293f5ce44aa6a4141cf624c6) Importer(815301076,1909f56bfc062723c751e8b465ee728b)
Start importing Assets/_Project/Materials/Bitum.mat using Guid(6759900f293f5ce44aa6a4141cf624c6) Importer(815301076,1909f56bfc062723c751e8b465ee728b)  -> (artifact id: '0e9fe0d4c1335066c88af4a232731fae') in 0.642273 seconds 
========================================================================
Received Import Request.
  Time since last request: 15.052495 seconds.
  path: Assets/_Project/Materials/Bitum.mat
  artifactKey: Guid(6759900f293f5ce44aa6a4141cf624c6) Importer(815301076,1909f56bfc062723c751e8b465ee728b)
Start importing Assets/_Project/Materials/Bitum.mat using Guid(6759900f293f5ce44aa6a4141cf624c6) Importer(815301076,1909f56bfc062723c751e8b465ee728b)  -> (artifact id: '585949345b61012e7428cce84f23b9e6') in 0.012761 seconds 
========================================================================
Received Import Request.
  Time since last request: 332.484917 seconds.
  path: Assets/_Project/Prefabs/ApartmentHouse.prefab
  artifactKey: Guid(673c4bb3d28308b4dabc1937a20b8d23) Importer(815301076,1909f56bfc062723c751e8b465ee728b)
Start importing Assets/_Project/Prefabs/ApartmentHouse.prefab using Guid(673c4bb3d28308b4dabc1937a20b8d23) Importer(815301076,1909f56bfc062723c751e8b465ee728b)  -> (artifact id: '38620669750ea49746c65cfef869ac29') in 0.758525 seconds 
========================================================================
Received Import Request.
  Time since last request: 7.395933 seconds.
  path: Assets/_Project/Prefabs/ApartmentHouse.prefab
  artifactKey: Guid(673c4bb3d28308b4dabc1937a20b8d23) Importer(815301076,1909f56bfc062723c751e8b465ee728b)
Start importing Assets/_Project/Prefabs/ApartmentHouse.prefab using Guid(673c4bb3d28308b4dabc1937a20b8d23) Importer(815301076,1909f56bfc062723c751e8b465ee728b)  -> (artifact id: '37a4d7b5571ca9568064f7df683d78ef') in 0.197835 seconds 
========================================================================
Received Import Request.
  Time since last request: 11.918417 seconds.
  path: Assets/_Project/Prefabs/ApartmentHouse.prefab
  artifactKey: Guid(673c4bb3d28308b4dabc1937a20b8d23) Importer(815301076,1909f56bfc062723c751e8b465ee728b)
Start importing Assets/_Project/Prefabs/ApartmentHouse.prefab using Guid(673c4bb3d28308b4dabc1937a20b8d23) Importer(815301076,1909f56bfc062723c751e8b465ee728b)  -> (artifact id: '6639e7e5e172a16bb987ebdccd579e0f') in 0.234321 seconds 
========================================================================
Received Import Request.
  Time since last request: 7.964300 seconds.
  path: Assets/_Project/Prefabs/ApartmentHouse.prefab
  artifactKey: Guid(673c4bb3d28308b4dabc1937a20b8d23) Importer(815301076,1909f56bfc062723c751e8b465ee728b)
Start importing Assets/_Project/Prefabs/ApartmentHouse.prefab using Guid(673c4bb3d28308b4dabc1937a20b8d23) Importer(815301076,1909f56bfc062723c751e8b465ee728b)  -> (artifact id: '5f4a1835b56746291a806c4c3ded5828') in 0.166798 seconds 
========================================================================
Received Import Request.
  Time since last request: 2.531785 seconds.
  path: Assets/_Project/Prefabs/ApartmentHouse.prefab
  artifactKey: Guid(673c4bb3d28308b4dabc1937a20b8d23) Importer(815301076,1909f56bfc062723c751e8b465ee728b)
Start importing Assets/_Project/Prefabs/ApartmentHouse.prefab using Guid(673c4bb3d28308b4dabc1937a20b8d23) Importer(815301076,1909f56bfc062723c751e8b465ee728b)  -> (artifact id: '38fbb0310b34f60ca3ff8872cf9fed2c') in 0.167177 seconds 
========================================================================
Received Import Request.
  Time since last request: 131.474593 seconds.
  path: Assets/_Project/Prefabs/ApartmentHouse.prefab
  artifactKey: Guid(673c4bb3d28308b4dabc1937a20b8d23) Importer(815301076,1909f56bfc062723c751e8b465ee728b)
Start importing Assets/_Project/Prefabs/ApartmentHouse.prefab using Guid(673c4bb3d28308b4dabc1937a20b8d23) Importer(815301076,1909f56bfc062723c751e8b465ee728b)  -> (artifact id: '4ce9c90bd338786eb33633977c5514d3') in 0.198408 seconds 
========================================================================
Received Import Request.
  Time since last request: 11.862035 seconds.
  path: Assets/_Project/Prefabs/ApartmentHouse.prefab
  artifactKey: Guid(673c4bb3d28308b4dabc1937a20b8d23) Importer(815301076,1909f56bfc062723c751e8b465ee728b)
Start importing Assets/_Project/Prefabs/ApartmentHouse.prefab using Guid(673c4bb3d28308b4dabc1937a20b8d23) Importer(815301076,1909f56bfc062723c751e8b465ee728b)  -> (artifact id: 'a2aa4095194de44e1e217278a761997b') in 0.200425 seconds 
========================================================================
Received Import Request.
  Time since last request: 2.252142 seconds.
  path: Assets/_Project/Prefabs/ApartmentHouse.prefab
  artifactKey: Guid(673c4bb3d28308b4dabc1937a20b8d23) Importer(815301076,1909f56bfc062723c751e8b465ee728b)
Start importing Assets/_Project/Prefabs/ApartmentHouse.prefab using Guid(673c4bb3d28308b4dabc1937a20b8d23) Importer(815301076,1909f56bfc062723c751e8b465ee728b)  -> (artifact id: '20f93d78940dc83b1b7a26d20bb14453') in 0.275698 seconds 
========================================================================
Received Import Request.
  Time since last request: 11.772678 seconds.
  path: Assets/_Project/Prefabs/ApartmentHouse.prefab
  artifactKey: Guid(673c4bb3d28308b4dabc1937a20b8d23) Importer(815301076,1909f56bfc062723c751e8b465ee728b)
Start importing Assets/_Project/Prefabs/ApartmentHouse.prefab using Guid(673c4bb3d28308b4dabc1937a20b8d23) Importer(815301076,1909f56bfc062723c751e8b465ee728b)  -> (artifact id: '980005d9f0e81af998ab6115310225a8') in 0.284423 seconds 
========================================================================
Received Import Request.
  Time since last request: 25.344599 seconds.
  path: Assets/_Project/Prefabs/ApartmentHouse.prefab
  artifactKey: Guid(673c4bb3d28308b4dabc1937a20b8d23) Importer(815301076,1909f56bfc062723c751e8b465ee728b)
Start importing Assets/_Project/Prefabs/ApartmentHouse.prefab using Guid(673c4bb3d28308b4dabc1937a20b8d23) Importer(815301076,1909f56bfc062723c751e8b465ee728b)  -> (artifact id: 'e973f81cc49a9251c68f230d8288a6ab') in 0.207395 seconds 
========================================================================
Received Import Request.
  Time since last request: 4.776329 seconds.
  path: Assets/_Project/Prefabs/ApartmentHouse.prefab
  artifactKey: Guid(673c4bb3d28308b4dabc1937a20b8d23) Importer(815301076,1909f56bfc062723c751e8b465ee728b)
Start importing Assets/_Project/Prefabs/ApartmentHouse.prefab using Guid(673c4bb3d28308b4dabc1937a20b8d23) Importer(815301076,1909f56bfc062723c751e8b465ee728b)  -> (artifact id: '5804d7f2d9b5f5362f4c82bcf1fd988c') in 0.239567 seconds 
========================================================================
Received Import Request.
  Time since last request: 8.295051 seconds.
  path: Assets/_Project/Prefabs/ApartmentHouse.prefab
  artifactKey: Guid(673c4bb3d28308b4dabc1937a20b8d23) Importer(815301076,1909f56bfc062723c751e8b465ee728b)
Start importing Assets/_Project/Prefabs/ApartmentHouse.prefab using Guid(673c4bb3d28308b4dabc1937a20b8d23) Importer(815301076,1909f56bfc062723c751e8b465ee728b)  -> (artifact id: '8782d3932d348a70aa34122b624f9781') in 0.203515 seconds 
========================================================================
Received Import Request.
  Time since last request: 15.444863 seconds.
  path: Assets/_Project/Prefabs/ApartmentHouse.prefab
  artifactKey: Guid(673c4bb3d28308b4dabc1937a20b8d23) Importer(815301076,1909f56bfc062723c751e8b465ee728b)
Start importing Assets/_Project/Prefabs/ApartmentHouse.prefab using Guid(673c4bb3d28308b4dabc1937a20b8d23) Importer(815301076,1909f56bfc062723c751e8b465ee728b)  -> (artifact id: '619dfe103bbb42fe5c253cb36f5aa3c7') in 0.200729 seconds 
========================================================================
Received Import Request.
  Time since last request: 3.118874 seconds.
  path: Assets/_Project/Prefabs/ApartmentHouse.prefab
  artifactKey: Guid(673c4bb3d28308b4dabc1937a20b8d23) Importer(815301076,1909f56bfc062723c751e8b465ee728b)
Start importing Assets/_Project/Prefabs/ApartmentHouse.prefab using Guid(673c4bb3d28308b4dabc1937a20b8d23) Importer(815301076,1909f56bfc062723c751e8b465ee728b)  -> (artifact id: 'fd2728e8006b9e7faeb3ccf50deecc08') in 0.244089 seconds 
========================================================================
Received Import Request.
  Time since last request: 8.256541 seconds.
  path: Assets/_Project/Prefabs/ApartmentHouse.prefab
  artifactKey: Guid(673c4bb3d28308b4dabc1937a20b8d23) Importer(815301076,1909f56bfc062723c751e8b465ee728b)
Start importing Assets/_Project/Prefabs/ApartmentHouse.prefab using Guid(673c4bb3d28308b4dabc1937a20b8d23) Importer(815301076,1909f56bfc062723c751e8b465ee728b)  -> (artifact id: 'c05c2f0285f2b506ae9fc3a531c7ac5c') in 0.251196 seconds 
========================================================================
Received Import Request.
  Time since last request: 16.506979 seconds.
  path: Assets/_Project/Prefabs/ApartmentHouse.prefab
  artifactKey: Guid(673c4bb3d28308b4dabc1937a20b8d23) Importer(815301076,1909f56bfc062723c751e8b465ee728b)
Start importing Assets/_Project/Prefabs/ApartmentHouse.prefab using Guid(673c4bb3d28308b4dabc1937a20b8d23) Importer(815301076,1909f56bfc062723c751e8b465ee728b)  -> (artifact id: '2807c32d3675f0bb7387e2d77a89a2a3') in 0.180673 seconds 
========================================================================
Received Import Request.
  Time since last request: 6.227021 seconds.
  path: Assets/_Project/Prefabs/ApartmentHouse.prefab
  artifactKey: Guid(673c4bb3d28308b4dabc1937a20b8d23) Importer(815301076,1909f56bfc062723c751e8b465ee728b)
Start importing Assets/_Project/Prefabs/ApartmentHouse.prefab using Guid(673c4bb3d28308b4dabc1937a20b8d23) Importer(815301076,1909f56bfc062723c751e8b465ee728b)  -> (artifact id: '5e21f47c4d9b182cfef370bff34f8ac0') in 0.207896 seconds 
========================================================================
Received Import Request.
  Time since last request: 6.837976 seconds.
  path: Assets/_Project/Prefabs/ApartmentHouse.prefab
  artifactKey: Guid(673c4bb3d28308b4dabc1937a20b8d23) Importer(815301076,1909f56bfc062723c751e8b465ee728b)
Start importing Assets/_Project/Prefabs/ApartmentHouse.prefab using Guid(673c4bb3d28308b4dabc1937a20b8d23) Importer(815301076,1909f56bfc062723c751e8b465ee728b)  -> (artifact id: '631b4efe072155768a79c270f2a2aebf') in 0.193987 seconds 
========================================================================
Received Import Request.
  Time since last request: 1.913442 seconds.
  path: Assets/_Project/Prefabs/ApartmentHouse.prefab
  artifactKey: Guid(673c4bb3d28308b4dabc1937a20b8d23) Importer(815301076,1909f56bfc062723c751e8b465ee728b)
Start importing Assets/_Project/Prefabs/ApartmentHouse.prefab using Guid(673c4bb3d28308b4dabc1937a20b8d23) Importer(815301076,1909f56bfc062723c751e8b465ee728b)  -> (artifact id: '128477c282806379f28b8607625e369c') in 0.189818 seconds 
========================================================================
Received Import Request.
  Time since last request: 25.160672 seconds.
  path: Assets/_Project/Prefabs/ApartmentHouse.prefab
  artifactKey: Guid(673c4bb3d28308b4dabc1937a20b8d23) Importer(815301076,1909f56bfc062723c751e8b465ee728b)
Start importing Assets/_Project/Prefabs/ApartmentHouse.prefab using Guid(673c4bb3d28308b4dabc1937a20b8d23) Importer(815301076,1909f56bfc062723c751e8b465ee728b)  -> (artifact id: '16ea326195a5bd2a70edec33ca93f85a') in 0.223697 seconds 
========================================================================
Received Import Request.
  Time since last request: 22.950087 seconds.
  path: Assets/_Project/Prefabs/ApartmentHouse.prefab
  artifactKey: Guid(673c4bb3d28308b4dabc1937a20b8d23) Importer(815301076,1909f56bfc062723c751e8b465ee728b)
Start importing Assets/_Project/Prefabs/ApartmentHouse.prefab using Guid(673c4bb3d28308b4dabc1937a20b8d23) Importer(815301076,1909f56bfc062723c751e8b465ee728b)  -> (artifact id: '83f90698999b236f3f49c191e2378a24') in 0.203763 seconds 
========================================================================
Received Import Request.
  Time since last request: 1.796235 seconds.
  path: Assets/_Project/Prefabs/ApartmentHouse.prefab
  artifactKey: Guid(673c4bb3d28308b4dabc1937a20b8d23) Importer(815301076,1909f56bfc062723c751e8b465ee728b)
Start importing Assets/_Project/Prefabs/ApartmentHouse.prefab using Guid(673c4bb3d28308b4dabc1937a20b8d23) Importer(815301076,1909f56bfc062723c751e8b465ee728b)  -> (artifact id: '62d7855ab1fc94f4d004bda60cbe5c28') in 0.283489 seconds 
========================================================================
Received Import Request.
  Time since last request: 1.229439 seconds.
  path: Assets/_Project/Prefabs/ApartmentHouse.prefab
  artifactKey: Guid(673c4bb3d28308b4dabc1937a20b8d23) Importer(815301076,1909f56bfc062723c751e8b465ee728b)
Start importing Assets/_Project/Prefabs/ApartmentHouse.prefab using Guid(673c4bb3d28308b4dabc1937a20b8d23) Importer(815301076,1909f56bfc062723c751e8b465ee728b)  -> (artifact id: '061759e7098f426e6c5674dd8eddde4f') in 0.286048 seconds 
========================================================================
Received Import Request.
  Time since last request: 1.166605 seconds.
  path: Assets/_Project/Prefabs/ApartmentHouse.prefab
  artifactKey: Guid(673c4bb3d28308b4dabc1937a20b8d23) Importer(815301076,1909f56bfc062723c751e8b465ee728b)
Start importing Assets/_Project/Prefabs/ApartmentHouse.prefab using Guid(673c4bb3d28308b4dabc1937a20b8d23) Importer(815301076,1909f56bfc062723c751e8b465ee728b)  -> (artifact id: '6e91f661dc3afac0d94411c176ddd1f1') in 0.197845 seconds 
========================================================================
Received Import Request.
  Time since last request: 1.244103 seconds.
  path: Assets/_Project/Prefabs/ApartmentHouse.prefab
  artifactKey: Guid(673c4bb3d28308b4dabc1937a20b8d23) Importer(815301076,1909f56bfc062723c751e8b465ee728b)
Start importing Assets/_Project/Prefabs/ApartmentHouse.prefab using Guid(673c4bb3d28308b4dabc1937a20b8d23) Importer(815301076,1909f56bfc062723c751e8b465ee728b)  -> (artifact id: 'beee7da3c3e88929cb296bc606a32ea8') in 0.215929 seconds 
========================================================================
Received Import Request.
  Time since last request: 1.256465 seconds.
  path: Assets/_Project/Prefabs/ApartmentHouse.prefab
  artifactKey: Guid(673c4bb3d28308b4dabc1937a20b8d23) Importer(815301076,1909f56bfc062723c751e8b465ee728b)
Start importing Assets/_Project/Prefabs/ApartmentHouse.prefab using Guid(673c4bb3d28308b4dabc1937a20b8d23) Importer(815301076,1909f56bfc062723c751e8b465ee728b)  -> (artifact id: '5183e8abc33e16a0ece0d4e39dda36fe') in 0.310649 seconds 
========================================================================
Received Import Request.
  Time since last request: 2.262459 seconds.
  path: Assets/_Project/Prefabs/ApartmentHouse.prefab
  artifactKey: Guid(673c4bb3d28308b4dabc1937a20b8d23) Importer(815301076,1909f56bfc062723c751e8b465ee728b)
Start importing Assets/_Project/Prefabs/ApartmentHouse.prefab using Guid(673c4bb3d28308b4dabc1937a20b8d23) Importer(815301076,1909f56bfc062723c751e8b465ee728b)  -> (artifact id: '2eb2b1f4bb9a90f07be5de06c56e3e1a') in 0.210926 seconds 
========================================================================
Received Import Request.
  Time since last request: 1.471967 seconds.
  path: Assets/_Project/Prefabs/ApartmentHouse.prefab
  artifactKey: Guid(673c4bb3d28308b4dabc1937a20b8d23) Importer(815301076,1909f56bfc062723c751e8b465ee728b)
Start importing Assets/_Project/Prefabs/ApartmentHouse.prefab using Guid(673c4bb3d28308b4dabc1937a20b8d23) Importer(815301076,1909f56bfc062723c751e8b465ee728b)  -> (artifact id: 'db113097d5fac570b4cc195abc1318d8') in 0.326705 seconds 
========================================================================
Received Import Request.
  Time since last request: 1.069059 seconds.
  path: Assets/_Project/Prefabs/ApartmentHouse.prefab
  artifactKey: Guid(673c4bb3d28308b4dabc1937a20b8d23) Importer(815301076,1909f56bfc062723c751e8b465ee728b)
Start importing Assets/_Project/Prefabs/ApartmentHouse.prefab using Guid(673c4bb3d28308b4dabc1937a20b8d23) Importer(815301076,1909f56bfc062723c751e8b465ee728b)  -> (artifact id: '7201558ba96f5229b1e96a52ab6a1606') in 0.168271 seconds 
========================================================================
Received Import Request.
  Time since last request: 1.291895 seconds.
  path: Assets/_Project/Prefabs/ApartmentHouse.prefab
  artifactKey: Guid(673c4bb3d28308b4dabc1937a20b8d23) Importer(815301076,1909f56bfc062723c751e8b465ee728b)
Start importing Assets/_Project/Prefabs/ApartmentHouse.prefab using Guid(673c4bb3d28308b4dabc1937a20b8d23) Importer(815301076,1909f56bfc062723c751e8b465ee728b)  -> (artifact id: '09604553d3b8ebf8b97393637bdde60e') in 0.216835 seconds 
========================================================================
Received Import Request.
  Time since last request: 24.390283 seconds.
  path: Assets/_Project/Prefabs/ApartmentHouse.prefab
  artifactKey: Guid(673c4bb3d28308b4dabc1937a20b8d23) Importer(815301076,1909f56bfc062723c751e8b465ee728b)
Start importing Assets/_Project/Prefabs/ApartmentHouse.prefab using Guid(673c4bb3d28308b4dabc1937a20b8d23) Importer(815301076,1909f56bfc062723c751e8b465ee728b)  -> (artifact id: '700c11175e845b716e20301b11b2645f') in 0.212220 seconds 
========================================================================
Received Import Request.
  Time since last request: 7.796897 seconds.
  path: Assets/_Project/Prefabs/ApartmentHouse.prefab
  artifactKey: Guid(673c4bb3d28308b4dabc1937a20b8d23) Importer(815301076,1909f56bfc062723c751e8b465ee728b)
Start importing Assets/_Project/Prefabs/ApartmentHouse.prefab using Guid(673c4bb3d28308b4dabc1937a20b8d23) Importer(815301076,1909f56bfc062723c751e8b465ee728b)  -> (artifact id: 'eff06d408bfa68e1bfde3eaaf100c808') in 0.345974 seconds 
========================================================================
Received Import Request.
  Time since last request: 13.221660 seconds.
  path: Assets/_Project/Prefabs/ApartmentHouse.prefab
  artifactKey: Guid(673c4bb3d28308b4dabc1937a20b8d23) Importer(815301076,1909f56bfc062723c751e8b465ee728b)
Start importing Assets/_Project/Prefabs/ApartmentHouse.prefab using Guid(673c4bb3d28308b4dabc1937a20b8d23) Importer(815301076,1909f56bfc062723c751e8b465ee728b)  -> (artifact id: '432f2c2da4a72e31bb1340318cbccd07') in 0.260726 seconds 
========================================================================
Received Import Request.
  Time since last request: 9.955497 seconds.
  path: Assets/_Project/Prefabs/ApartmentHouse.prefab
  artifactKey: Guid(673c4bb3d28308b4dabc1937a20b8d23) Importer(815301076,1909f56bfc062723c751e8b465ee728b)
Start importing Assets/_Project/Prefabs/ApartmentHouse.prefab using Guid(673c4bb3d28308b4dabc1937a20b8d23) Importer(815301076,1909f56bfc062723c751e8b465ee728b)  -> (artifact id: '3fd2408b71249f533c8322b5c0539a64') in 0.534559 seconds 
========================================================================
Received Import Request.
  Time since last request: 33.738668 seconds.
  path: Assets/_Project/Prefabs/ApartmentHouse.prefab
  artifactKey: Guid(673c4bb3d28308b4dabc1937a20b8d23) Importer(815301076,1909f56bfc062723c751e8b465ee728b)
Start importing Assets/_Project/Prefabs/ApartmentHouse.prefab using Guid(673c4bb3d28308b4dabc1937a20b8d23) Importer(815301076,1909f56bfc062723c751e8b465ee728b)  -> (artifact id: '89a3e824c6a3c0a5fdfc4011054e03b7') in 0.206309 seconds 
========================================================================
Received Import Request.
  Time since last request: 43.183774 seconds.
  path: Assets/_Project/Prefabs/ApartmentHouse.prefab
  artifactKey: Guid(673c4bb3d28308b4dabc1937a20b8d23) Importer(815301076,1909f56bfc062723c751e8b465ee728b)
Start importing Assets/_Project/Prefabs/ApartmentHouse.prefab using Guid(673c4bb3d28308b4dabc1937a20b8d23) Importer(815301076,1909f56bfc062723c751e8b465ee728b)  -> (artifact id: '7e6fcff33499ad2f7fd3379eb3f1d358') in 0.464808 seconds 
========================================================================
Received Import Request.
  Time since last request: 458.114474 seconds.
  path: Assets/_Project/Materials/Grace.mat
  artifactKey: Guid(96f78592a18a6384f8a76b57ac618930) Importer(815301076,1909f56bfc062723c751e8b465ee728b)
Start importing Assets/_Project/Materials/Grace.mat using Guid(96f78592a18a6384f8a76b57ac618930) Importer(815301076,1909f56bfc062723c751e8b465ee728b)  -> (artifact id: '720f5380900877fa5cedc9478ddbb825') in 0.016606 seconds 
========================================================================
Received Import Request.
  Time since last request: 84.416889 seconds.
  path: Packages/com.unity.test-framework/package.json
  artifactKey: Guid(d6a2e6e4803de7b43baacdc355fc144d) Importer(815301076,1909f56bfc062723c751e8b465ee728b)
Start importing Packages/com.unity.test-framework/package.json using Guid(d6a2e6e4803de7b43baacdc355fc144d) Importer(815301076,1909f56bfc062723c751e8b465ee728b)  -> (artifact id: 'e18898ccc8b096ee8f2e6704cc6568de') in 0.301401 seconds 
========================================================================
Received Import Request.
  Time since last request: 118.962763 seconds.
  path: Assets/PathCreator/Core
  artifactKey: Guid(fded9f896ea32473eb30ae61b640a176) Importer(815301076,1909f56bfc062723c751e8b465ee728b)
Start importing Assets/PathCreator/Core using Guid(fded9f896ea32473eb30ae61b640a176) Importer(815301076,1909f56bfc062723c751e8b465ee728b)  -> (artifact id: '45b2dd3016e12719f64d9f934f1f4f7f') in 0.001084 seconds 
========================================================================
Received Import Request.
  Time since last request: 2.867397 seconds.
  path: Assets/PathCreator/Core/Editor
  artifactKey: Guid(76c2f3171eae9954aa317277dbffd478) Importer(815301076,1909f56bfc062723c751e8b465ee728b)
Start importing Assets/PathCreator/Core/Editor using Guid(76c2f3171eae9954aa317277dbffd478) Importer(815301076,1909f56bfc062723c751e8b465ee728b)  -> (artifact id: '576f21b40ce4ddf7184771aa54a33584') in 0.001205 seconds 
========================================================================
Received Import Request.
  Time since last request: 0.773706 seconds.
  path: Assets/PathCreator/Core/Editor/Helper
  artifactKey: Guid(366e41d4e3408334aad31e48f28757e4) Importer(815301076,1909f56bfc062723c751e8b465ee728b)
Start importing Assets/PathCreator/Core/Editor/Helper using Guid(366e41d4e3408334aad31e48f28757e4) Importer(815301076,1909f56bfc062723c751e8b465ee728b)  -> (artifact id: '93f1e65a584e31895c683213f12059e8') in 0.001413 seconds 
========================================================================
Received Import Request.
  Time since last request: 6.768273 seconds.
  path: Assets/PathCreator/Core/Editor/PathEditor.cs
  artifactKey: Guid(45d81a20743ff42a3b0dfbd499d4797e) Importer(815301076,1909f56bfc062723c751e8b465ee728b)
Start importing Assets/PathCreator/Core/Editor/PathEditor.cs using Guid(45d81a20743ff42a3b0dfbd499d4797e) Importer(815301076,1909f56bfc062723c751e8b465ee728b)  -> (artifact id: '3def7f381b5eca162fd94f97bfffc184') in 0.002259 seconds 
========================================================================
Received Import Request.
  Time since last request: 22.917181 seconds.
  path: Assets/PathCreator/Examples
  artifactKey: Guid(856133338e5935c4ea7215ea837b00da) Importer(815301076,1909f56bfc062723c751e8b465ee728b)
Start importing Assets/PathCreator/Examples using Guid(856133338e5935c4ea7215ea837b00da) Importer(815301076,1909f56bfc062723c751e8b465ee728b)  -> (artifact id: '9bfaba93345eea799838a9111479d7c0') in 0.001110 seconds 
========================================================================
Received Import Request.
  Time since last request: 1.645944 seconds.
  path: Assets/PathCreator/Examples/Prefabs
  artifactKey: Guid(3331696fd1c6e4ce399332471e58fe60) Importer(815301076,1909f56bfc062723c751e8b465ee728b)
Start importing Assets/PathCreator/Examples/Prefabs using Guid(3331696fd1c6e4ce399332471e58fe60) Importer(815301076,1909f56bfc062723c751e8b465ee728b)  -> (artifact id: '66d8f445fa63ca3de2a4dead54b98ffb') in 0.001181 seconds 
========================================================================
Received Import Request.
  Time since last request: 0.000025 seconds.
  path: Assets/PathCreator/Examples/Prefabs/Path.prefab
  artifactKey: Guid(2791553a612d84e7c9f3c0a95308376f) Importer(815301076,1909f56bfc062723c751e8b465ee728b)
Start importing Assets/PathCreator/Examples/Prefabs/Path.prefab using Guid(2791553a612d84e7c9f3c0a95308376f) Importer(815301076,1909f56bfc062723c751e8b465ee728b)  -> (artifact id: 'c7005b84626444ca8e83b5dbeccd110b') in 0.008807 seconds 
========================================================================
Received Import Request.
  Time since last request: 0.000031 seconds.
  path: Assets/PathCreator/Examples/Prefabs/Sphere.prefab
  artifactKey: Guid(cb2e1e8aa0d44489c8d332b91c9a4202) Importer(815301076,1909f56bfc062723c751e8b465ee728b)
Start importing Assets/PathCreator/Examples/Prefabs/Sphere.prefab using Guid(cb2e1e8aa0d44489c8d332b91c9a4202) Importer(815301076,1909f56bfc062723c751e8b465ee728b)  -> (artifact id: '13526d74663fb59de3814a1cd24af886') in 0.157983 seconds 
========================================================================
Received Import Request.
  Time since last request: 44.632195 seconds.
  path: Assets/PathCreator/Examples/Scripts
  artifactKey: Guid(4708a8b1933bb914e98024a2cd57b3a8) Importer(815301076,1909f56bfc062723c751e8b465ee728b)
Start importing Assets/PathCreator/Examples/Scripts using Guid(4708a8b1933bb914e98024a2cd57b3a8) Importer(815301076,1909f56bfc062723c751e8b465ee728b)  -> (artifact id: 'e193092faae3a2646e11e0f9608cba42') in 0.002551 seconds 
========================================================================
Received Import Request.
  Time since last request: 0.526929 seconds.
  path: Assets/PathCreator/Examples/Scenes
  artifactKey: Guid(7fa8a76a6a31dba43b3f224aa4c8ef31) Importer(815301076,1909f56bfc062723c751e8b465ee728b)
Start importing Assets/PathCreator/Examples/Scenes using Guid(7fa8a76a6a31dba43b3f224aa4c8ef31) Importer(815301076,1909f56bfc062723c751e8b465ee728b)  -> (artifact id: '8309f316a62fa794d795da185df1d98e') in 0.001484 seconds 
========================================================================
Received Import Request.
  Time since last request: 2.137317 seconds.
  path: Assets/PathCreator/Examples/Scenes/Generate Path.unity
  artifactKey: Guid(3145d476fb2c7f242875d23b77320de4) Importer(815301076,1909f56bfc062723c751e8b465ee728b)
Start importing Assets/PathCreator/Examples/Scenes/Generate Path.unity using Guid(3145d476fb2c7f242875d23b77320de4) Importer(815301076,1909f56bfc062723c751e8b465ee728b)  -> (artifact id: '9e679ef3fa175a236ce3a12c54e49c39') in 0.001373 seconds 
========================================================================
Received Import Request.
  Time since last request: 0.239649 seconds.
  path: Assets/PathCreator/Examples/Scenes/Path as Prefab.unity
  artifactKey: Guid(7c3960531f0fd44beaacc5037d708071) Importer(815301076,1909f56bfc062723c751e8b465ee728b)
Start importing Assets/PathCreator/Examples/Scenes/Path as Prefab.unity using Guid(7c3960531f0fd44beaacc5037d708071) Importer(815301076,1909f56bfc062723c751e8b465ee728b)  -> (artifact id: 'b6a3867b922b6c7d57039362db0448af') in 0.001424 seconds 
========================================================================
Received Import Request.
  Time since last request: 0.378698 seconds.
  path: Assets/PathCreator/Examples/Scenes/Road.unity
  artifactKey: Guid(8f020cfa1fb7ded47926b050b82adbe6) Importer(815301076,1909f56bfc062723c751e8b465ee728b)
Start importing Assets/PathCreator/Examples/Scenes/Road.unity using Guid(8f020cfa1fb7ded47926b050b82adbe6) Importer(815301076,1909f56bfc062723c751e8b465ee728b)  -> (artifact id: '29ab6fe2c08296dd4e38f69847d0f5b4') in 0.001453 seconds 
========================================================================
Received Import Request.
  Time since last request: 47.506631 seconds.
  path: Assets/PathCreator/Examples/Scripts/Editor
  artifactKey: Guid(37afd3c65f48fa94bbb5a65473466658) Importer(815301076,1909f56bfc062723c751e8b465ee728b)
Start importing Assets/PathCreator/Examples/Scripts/Editor using Guid(37afd3c65f48fa94bbb5a65473466658) Importer(815301076,1909f56bfc062723c751e8b465ee728b)  -> (artifact id: 'dab72579bd1f05a28b77d3560aa9d4c9') in 0.001394 seconds 
========================================================================
Received Import Request.
  Time since last request: 3.203437 seconds.
  path: Assets/PathCreator/Documentation
  artifactKey: Guid(7f53e212088d741abad12e1f2315eee7) Importer(815301076,1909f56bfc062723c751e8b465ee728b)
Start importing Assets/PathCreator/Documentation using Guid(7f53e212088d741abad12e1f2315eee7) Importer(815301076,1909f56bfc062723c751e8b465ee728b)  -> (artifact id: '541b147c03c9145a6640ca825d6fcdb7') in 0.001471 seconds 
========================================================================
Received Import Request.
  Time since last request: 4.117010 seconds.
  path: Assets/PathCreator/Documentation/Documentation.pdf
  artifactKey: Guid(e7b865996e4d342a39bbea59a2e43a53) Importer(815301076,1909f56bfc062723c751e8b465ee728b)
Start importing Assets/PathCreator/Documentation/Documentation.pdf using Guid(e7b865996e4d342a39bbea59a2e43a53) Importer(815301076,1909f56bfc062723c751e8b465ee728b)  -> (artifact id: 'd70b2b0fa73ece4b3bc4afad2f7043d9') in 0.004539 seconds 
========================================================================
Received Import Request.
  Time since last request: 127.931097 seconds.
  path: Assets/PathCreator
  artifactKey: Guid(58ca044f07a4283439c593aae9877d16) Importer(815301076,1909f56bfc062723c751e8b465ee728b)
Start importing Assets/PathCreator using Guid(58ca044f07a4283439c593aae9877d16) Importer(815301076,1909f56bfc062723c751e8b465ee728b)  -> (artifact id: 'cbddb11aee8c9347d28b1a4c6fb5fc68') in 0.001253 seconds 
========================================================================
Received Import Request.
  Time since last request: 221.469422 seconds.
  path: Assets/greyRoadStudio/LowPolyTreePack
  artifactKey: Guid(86fd7d7a59296ae49a3d3a7852c6f952) Importer(815301076,1909f56bfc062723c751e8b465ee728b)
Start importing Assets/greyRoadStudio/LowPolyTreePack using Guid(86fd7d7a59296ae49a3d3a7852c6f952) Importer(815301076,1909f56bfc062723c751e8b465ee728b)  -> (artifact id: 'e55191ff6b7c060d2676ee429468e961') in 0.001179 seconds 
========================================================================
Received Import Request.
  Time since last request: 0.924446 seconds.
  path: Assets/greyRoadStudio/LowPolyTreePack/Materials
  artifactKey: Guid(924b642ad1362f343aaa58fd97a526bc) Importer(815301076,1909f56bfc062723c751e8b465ee728b)
Start importing Assets/greyRoadStudio/LowPolyTreePack/Materials using Guid(924b642ad1362f343aaa58fd97a526bc) Importer(815301076,1909f56bfc062723c751e8b465ee728b)  -> (artifact id: '355fd39e34ae202a7fcd1313c3a314af') in 0.214046 seconds 
========================================================================
Received Import Request.
  Time since last request: 0.000034 seconds.
  path: Assets/greyRoadStudio/LowPolyTreePack/Materials/Mat_Mountain.mat
  artifactKey: Guid(8cb2a50bb8c345148858a2fa284dee09) Importer(815301076,1909f56bfc062723c751e8b465ee728b)
Start importing Assets/greyRoadStudio/LowPolyTreePack/Materials/Mat_Mountain.mat using Guid(8cb2a50bb8c345148858a2fa284dee09) Importer(815301076,1909f56bfc062723c751e8b465ee728b)  -> (artifact id: '43a95a6720f9cb92225cabc9fd55da46') in 0.011003 seconds 
========================================================================
Received Import Request.
  Time since last request: 0.000024 seconds.
  path: Assets/greyRoadStudio/LowPolyTreePack/Materials/Mat_PineTrunk.mat
  artifactKey: Guid(53c38d3492f12ff48b99b74a4f501353) Importer(815301076,1909f56bfc062723c751e8b465ee728b)
Start importing Assets/greyRoadStudio/LowPolyTreePack/Materials/Mat_PineTrunk.mat using Guid(53c38d3492f12ff48b99b74a4f501353) Importer(815301076,1909f56bfc062723c751e8b465ee728b)  -> (artifact id: 'fe924f614493dd367f6f889a3af8db86') in 0.010339 seconds 
========================================================================
Received Import Request.
  Time since last request: 0.000020 seconds.
  path: Assets/greyRoadStudio/LowPolyTreePack/Materials/Mat_Leaves.mat
  artifactKey: Guid(0f257ccd9100f3a4e9411de677db4f82) Importer(815301076,1909f56bfc062723c751e8b465ee728b)
Start importing Assets/greyRoadStudio/LowPolyTreePack/Materials/Mat_Leaves.mat using Guid(0f257ccd9100f3a4e9411de677db4f82) Importer(815301076,1909f56bfc062723c751e8b465ee728b)  -> (artifact id: '514826c594261a0c2be1452a3766cb5b') in 0.011287 seconds 
========================================================================
Received Import Request.
  Time since last request: 0.000024 seconds.
  path: Assets/greyRoadStudio/LowPolyTreePack/Materials/Mat_Rock02.mat
  artifactKey: Guid(0605d676e185391419db61f0d07c257d) Importer(815301076,1909f56bfc062723c751e8b465ee728b)
Start importing Assets/greyRoadStudio/LowPolyTreePack/Materials/Mat_Rock02.mat using Guid(0605d676e185391419db61f0d07c257d) Importer(815301076,1909f56bfc062723c751e8b465ee728b)  -> (artifact id: '7338944a04b8301f293ef0fd9c61f092') in 0.009899 seconds 
========================================================================
Received Import Request.
  Time since last request: 0.000021 seconds.
  path: Assets/greyRoadStudio/LowPolyTreePack/Materials/Mat_StumpBark.mat
  artifactKey: Guid(924a3979b6c622c40a8c60f66f00be26) Importer(815301076,1909f56bfc062723c751e8b465ee728b)
Start importing Assets/greyRoadStudio/LowPolyTreePack/Materials/Mat_StumpBark.mat using Guid(924a3979b6c622c40a8c60f66f00be26) Importer(815301076,1909f56bfc062723c751e8b465ee728b)  -> (artifact id: '7a11055b6e093748bc8f3e29e8db281d') in 0.011615 seconds 
========================================================================
Received Import Request.
  Time since last request: 0.000023 seconds.
  path: Assets/greyRoadStudio/LowPolyTreePack/Materials/Mat_OakTreeTrunk.mat
  artifactKey: Guid(d07f6b7db2f3b704b866a5bbf55a0e0f) Importer(815301076,1909f56bfc062723c751e8b465ee728b)
Start importing Assets/greyRoadStudio/LowPolyTreePack/Materials/Mat_OakTreeTrunk.mat using Guid(d07f6b7db2f3b704b866a5bbf55a0e0f) Importer(815301076,1909f56bfc062723c751e8b465ee728b)  -> (artifact id: '8a7d8dd034b6637bbb0c373e3fc307fc') in 0.013633 seconds 
========================================================================
Received Import Request.
  Time since last request: 0.000032 seconds.
  path: Assets/greyRoadStudio/LowPolyTreePack/Materials/Mat_Rock03.mat
  artifactKey: Guid(5ee52a642284f5e4385dabb20444d29a) Importer(815301076,1909f56bfc062723c751e8b465ee728b)
Start importing Assets/greyRoadStudio/LowPolyTreePack/Materials/Mat_Rock03.mat using Guid(5ee52a642284f5e4385dabb20444d29a) Importer(815301076,1909f56bfc062723c751e8b465ee728b)  -> (artifact id: 'f38009cb9ee9cf7932b0836ff19cd407') in 0.013652 seconds 
========================================================================
Received Import Request.
  Time since last request: 0.000018 seconds.
  path: Assets/greyRoadStudio/LowPolyTreePack/Materials/Mat_Rock01.mat
  artifactKey: Guid(41aba79095f97cd43927b0a4c906b435) Importer(815301076,1909f56bfc062723c751e8b465ee728b)
Start importing Assets/greyRoadStudio/LowPolyTreePack/Materials/Mat_Rock01.mat using Guid(41aba79095f97cd43927b0a4c906b435) Importer(815301076,1909f56bfc062723c751e8b465ee728b)  -> (artifact id: '736175875abef2ddd43882b6406164ee') in 0.015035 seconds 
========================================================================
Received Import Request.
  Time since last request: 0.000024 seconds.
  path: Assets/greyRoadStudio/LowPolyTreePack/Materials/Mat_Ground.mat
  artifactKey: Guid(49da8e6e90754214f86c4ccb55d12cde) Importer(815301076,1909f56bfc062723c751e8b465ee728b)
Start importing Assets/greyRoadStudio/LowPolyTreePack/Materials/Mat_Ground.mat using Guid(49da8e6e90754214f86c4ccb55d12cde) Importer(815301076,1909f56bfc062723c751e8b465ee728b)  -> (artifact id: '7664541d54dedf6ca6d1419b1a0f7252') in 0.012230 seconds 
========================================================================
Received Import Request.
  Time since last request: 0.000019 seconds.
  path: Assets/greyRoadStudio/LowPolyTreePack/Materials/Mat_StumpWood.mat
  artifactKey: Guid(7070f0aa97fe7ca49b39847a252871d9) Importer(815301076,1909f56bfc062723c751e8b465ee728b)
Start importing Assets/greyRoadStudio/LowPolyTreePack/Materials/Mat_StumpWood.mat using Guid(7070f0aa97fe7ca49b39847a252871d9) Importer(815301076,1909f56bfc062723c751e8b465ee728b)  -> (artifact id: '11d24c0927aaf8168ac8bfbd5ee41927') in 0.013397 seconds 
========================================================================
Received Import Request.
  Time since last request: 84.925450 seconds.
  path: Assets/greyRoadStudio/LowPolyTreePack/Prefabs
  artifactKey: Guid(3a86b0cc5468f0b4db21353307b9724e) Importer(815301076,1909f56bfc062723c751e8b465ee728b)
Start importing Assets/greyRoadStudio/LowPolyTreePack/Prefabs using Guid(3a86b0cc5468f0b4db21353307b9724e) Importer(815301076,1909f56bfc062723c751e8b465ee728b)  -> (artifact id: '82c054faab166d52ee3b3da5c4cccccd') in 0.001845 seconds 
========================================================================
Received Import Request.
  Time since last request: 0.033975 seconds.
  path: Assets/greyRoadStudio/LowPolyTreePack/Prefabs/birchTree.prefab
  artifactKey: Guid(e6f343cc46467004f811ce2ba3a3841b) Importer(815301076,1909f56bfc062723c751e8b465ee728b)
Start importing Assets/greyRoadStudio/LowPolyTreePack/Prefabs/birchTree.prefab using Guid(e6f343cc46467004f811ce2ba3a3841b) Importer(815301076,1909f56bfc062723c751e8b465ee728b)  -> (artifact id: '571d3e2206b0a8501c5288df713466d4') in 0.012724 seconds 
========================================================================
Received Import Request.
  Time since last request: 0.000022 seconds.
  path: Assets/greyRoadStudio/LowPolyTreePack/Prefabs/rock03.prefab
  artifactKey: Guid(f16d978b3d1fa984d82c01d30a1fb40a) Importer(815301076,1909f56bfc062723c751e8b465ee728b)
Start importing Assets/greyRoadStudio/LowPolyTreePack/Prefabs/rock03.prefab using Guid(f16d978b3d1fa984d82c01d30a1fb40a) Importer(815301076,1909f56bfc062723c751e8b465ee728b)  -> (artifact id: '1496de84b133b55821e336ef33f8be11') in 0.010176 seconds 
========================================================================
Received Import Request.
  Time since last request: 0.000017 seconds.
  path: Assets/greyRoadStudio/LowPolyTreePack/Prefabs/pineTree02.prefab
  artifactKey: Guid(a1dee65b7ef7c344a97ff258503f49e7) Importer(815301076,1909f56bfc062723c751e8b465ee728b)
Start importing Assets/greyRoadStudio/LowPolyTreePack/Prefabs/pineTree02.prefab using Guid(a1dee65b7ef7c344a97ff258503f49e7) Importer(815301076,1909f56bfc062723c751e8b465ee728b)  -> (artifact id: '4ba7db4502d1d02840ba4ae4a7137453') in 0.014857 seconds 
========================================================================
Received Import Request.
  Time since last request: 0.000027 seconds.
  path: Assets/greyRoadStudio/LowPolyTreePack/Prefabs/oakTree.prefab
  artifactKey: Guid(b9eb627f7bb4c1748829f3f01ce72b68) Importer(815301076,1909f56bfc062723c751e8b465ee728b)
Start importing Assets/greyRoadStudio/LowPolyTreePack/Prefabs/oakTree.prefab using Guid(b9eb627f7bb4c1748829f3f01ce72b68) Importer(815301076,1909f56bfc062723c751e8b465ee728b)  -> (artifact id: '7f031e7610c077c67a5c1813743c3c70') in 0.014731 seconds 
========================================================================
Received Import Request.
  Time since last request: 0.000030 seconds.
  path: Assets/greyRoadStudio/LowPolyTreePack/Prefabs/tree.prefab
  artifactKey: Guid(23f312332b5cd5542ba196450880e89b) Importer(815301076,1909f56bfc062723c751e8b465ee728b)
Start importing Assets/greyRoadStudio/LowPolyTreePack/Prefabs/tree.prefab using Guid(23f312332b5cd5542ba196450880e89b) Importer(815301076,1909f56bfc062723c751e8b465ee728b)  -> (artifact id: 'b56f9c95cbfe90c330f0ef3e13e84e2a') in 0.016508 seconds 
========================================================================
Received Import Request.
  Time since last request: 0.000021 seconds.
  path: Assets/greyRoadStudio/LowPolyTreePack/Prefabs/rock01.prefab
  artifactKey: Guid(b3d0e1c692a75b34d96fb84c9b431b64) Importer(815301076,1909f56bfc062723c751e8b465ee728b)
Start importing Assets/greyRoadStudio/LowPolyTreePack/Prefabs/rock01.prefab using Guid(b3d0e1c692a75b34d96fb84c9b431b64) Importer(815301076,1909f56bfc062723c751e8b465ee728b)  -> (artifact id: '56aa688e3d685bb947eb76f1e9a35c91') in 0.009617 seconds 
========================================================================
Received Import Request.
  Time since last request: 0.000021 seconds.
  path: Assets/greyRoadStudio/LowPolyTreePack/Prefabs/tree_leafless.prefab
  artifactKey: Guid(ba2b67dbc790eb74f8a401c592dd619f) Importer(815301076,1909f56bfc062723c751e8b465ee728b)
Start importing Assets/greyRoadStudio/LowPolyTreePack/Prefabs/tree_leafless.prefab using Guid(ba2b67dbc790eb74f8a401c592dd619f) Importer(815301076,1909f56bfc062723c751e8b465ee728b)  -> (artifact id: '9b413831b550fb1951d19fbb79dac6fb') in 0.014688 seconds 
========================================================================
Received Import Request.
  Time since last request: 0.000018 seconds.
  path: Assets/greyRoadStudio/LowPolyTreePack/Prefabs/pineTree04.prefab
  artifactKey: Guid(db15def326817084cb719e1c5f999b99) Importer(815301076,1909f56bfc062723c751e8b465ee728b)
Start importing Assets/greyRoadStudio/LowPolyTreePack/Prefabs/pineTree04.prefab using Guid(db15def326817084cb719e1c5f999b99) Importer(815301076,1909f56bfc062723c751e8b465ee728b)  -> (artifact id: 'ebeb94161658722ed0baa92038d88ce7') in 0.021275 seconds 
========================================================================
Received Import Request.
  Time since last request: 0.000026 seconds.
  path: Assets/greyRoadStudio/LowPolyTreePack/Prefabs/rock02.prefab
  artifactKey: Guid(f76595434879f634c8b88f3cc4f08b2c) Importer(815301076,1909f56bfc062723c751e8b465ee728b)
Start importing Assets/greyRoadStudio/LowPolyTreePack/Prefabs/rock02.prefab using Guid(f76595434879f634c8b88f3cc4f08b2c) Importer(815301076,1909f56bfc062723c751e8b465ee728b)  -> (artifact id: '137052a914665be97c2672ccd2179471') in 0.012434 seconds 
========================================================================
Received Import Request.
  Time since last request: 9.465149 seconds.
  path: Assets/greyRoadStudio/LowPolyTreePack/Models/birchTree.fbx
  artifactKey: Guid(bf854a44f4078f841a91c4fdfa36277a) Importer(815301076,1909f56bfc062723c751e8b465ee728b)
Start importing Assets/greyRoadStudio/LowPolyTreePack/Models/birchTree.fbx using Guid(bf854a44f4078f841a91c4fdfa36277a) Importer(815301076,1909f56bfc062723c751e8b465ee728b)  -> (artifact id: '16b4e9672d7f6ebf8f13db5b52da46a7') in 0.178485 seconds 
========================================================================
Received Import Request.
  Time since last request: 0.000028 seconds.
  path: Assets/greyRoadStudio/LowPolyTreePack/Models/rock03.fbx
  artifactKey: Guid(c4f9c28a6050a9f46a1cd17e6b2d65e8) Importer(815301076,1909f56bfc062723c751e8b465ee728b)
Start importing Assets/greyRoadStudio/LowPolyTreePack/Models/rock03.fbx using Guid(c4f9c28a6050a9f46a1cd17e6b2d65e8) Importer(815301076,1909f56bfc062723c751e8b465ee728b)  -> (artifact id: '9d8e5a950337a250be0f638bda07aba9') in 0.027312 seconds 
========================================================================
Received Import Request.
  Time since last request: 0.000033 seconds.
  path: Assets/greyRoadStudio/LowPolyTreePack/Models/rockGroup03.fbx
  artifactKey: Guid(7dc8c408cf9eedb42bdd617a5b33750a) Importer(815301076,1909f56bfc062723c751e8b465ee728b)
Start importing Assets/greyRoadStudio/LowPolyTreePack/Models/rockGroup03.fbx using Guid(7dc8c408cf9eedb42bdd617a5b33750a) Importer(815301076,1909f56bfc062723c751e8b465ee728b)  -> (artifact id: '563aafd8cf49d8f36cd4462e52f0d35e') in 0.023715 seconds 
========================================================================
Received Import Request.
  Time since last request: 0.000026 seconds.
  path: Assets/greyRoadStudio/LowPolyTreePack/Models/rock01.fbx
  artifactKey: Guid(40eee6d5f6f994c478afdb774a87c9b1) Importer(815301076,1909f56bfc062723c751e8b465ee728b)
Start importing Assets/greyRoadStudio/LowPolyTreePack/Models/rock01.fbx using Guid(40eee6d5f6f994c478afdb774a87c9b1) Importer(815301076,1909f56bfc062723c751e8b465ee728b)  -> (artifact id: '36f38387126f4852eeee8ee2b71eaf6d') in 0.021604 seconds 
========================================================================
Received Import Request.
  Time since last request: 0.000023 seconds.
  path: Assets/greyRoadStudio/LowPolyTreePack/Models/tree_leafless.fbx
  artifactKey: Guid(e44e1a4a2783d5f41afcd8c670195f85) Importer(815301076,1909f56bfc062723c751e8b465ee728b)
Start importing Assets/greyRoadStudio/LowPolyTreePack/Models/tree_leafless.fbx using Guid(e44e1a4a2783d5f41afcd8c670195f85) Importer(815301076,1909f56bfc062723c751e8b465ee728b)  -> (artifact id: 'e4cb51410b50ce2f3701cfbe09da022f') in 0.015101 seconds 
========================================================================
Received Import Request.
  Time since last request: 0.000024 seconds.
  path: Assets/greyRoadStudio/LowPolyTreePack/Models/pineTree.fbx
  artifactKey: Guid(67590bf36d0abac419beccf3fcb0e5f8) Importer(815301076,1909f56bfc062723c751e8b465ee728b)
Start importing Assets/greyRoadStudio/LowPolyTreePack/Models/pineTree.fbx using Guid(67590bf36d0abac419beccf3fcb0e5f8) Importer(815301076,1909f56bfc062723c751e8b465ee728b)  -> (artifact id: '84f0cd62d1f2ebd161f6f3b4ae7f588d') in 0.017724 seconds 
========================================================================
Received Import Request.
  Time since last request: 0.000056 seconds.
  path: Assets/greyRoadStudio/LowPolyTreePack/Models/pineTree03.fbx
  artifactKey: Guid(0c6c37ce748b92a4dadb2b5e33ed6449) Importer(815301076,1909f56bfc062723c751e8b465ee728b)
Start importing Assets/greyRoadStudio/LowPolyTreePack/Models/pineTree03.fbx using Guid(0c6c37ce748b92a4dadb2b5e33ed6449) Importer(815301076,1909f56bfc062723c751e8b465ee728b)  -> (artifact id: '696cc6b123c1eaa55ce6f9dad07237a4') in 0.020680 seconds 
========================================================================
Received Import Request.
  Time since last request: 0.000029 seconds.
  path: Assets/greyRoadStudio/LowPolyTreePack/Models/treeStump.fbx
  artifactKey: Guid(938f727ebe2097b41b4316b1b5d89069) Importer(815301076,1909f56bfc062723c751e8b465ee728b)
Start importing Assets/greyRoadStudio/LowPolyTreePack/Models/treeStump.fbx using Guid(938f727ebe2097b41b4316b1b5d89069) Importer(815301076,1909f56bfc062723c751e8b465ee728b)  -> (artifact id: 'ea09c6aad72580b99a21630a6863e769') in 0.018269 seconds 
========================================================================
Received Import Request.
  Time since last request: 0.000047 seconds.
  path: Assets/greyRoadStudio/LowPolyTreePack/Models/rock02.fbx
  artifactKey: Guid(fe370a052daa6ec4d82e69b455c68642) Importer(815301076,1909f56bfc062723c751e8b465ee728b)
Start importing Assets/greyRoadStudio/LowPolyTreePack/Models/rock02.fbx using Guid(fe370a052daa6ec4d82e69b455c68642) Importer(815301076,1909f56bfc062723c751e8b465ee728b)  -> (artifact id: '717335481b0da3383c4daf92d686bb4e') in 0.018860 seconds 
========================================================================
Received Import Request.
  Time since last request: 0.000031 seconds.
  path: Assets/greyRoadStudio/LowPolyTreePack/Models/pineTree02.fbx
  artifactKey: Guid(ad958cb822595a244972ff1b4c400778) Importer(815301076,1909f56bfc062723c751e8b465ee728b)
Start importing Assets/greyRoadStudio/LowPolyTreePack/Models/pineTree02.fbx using Guid(ad958cb822595a244972ff1b4c400778) Importer(815301076,1909f56bfc062723c751e8b465ee728b)  -> (artifact id: '7d159a0c6ce1307903babb1c5e219ae2') in 0.013610 seconds 
========================================================================
Received Import Request.
  Time since last request: 83.059567 seconds.
  path: Assets/greyRoadStudio/LowPolyTreePack/Scenes/lineUp/LightingData.asset
  artifactKey: Guid(b009fa1b18fb56048a9147adaceb217e) Importer(815301076,1909f56bfc062723c751e8b465ee728b)
Start importing Assets/greyRoadStudio/LowPolyTreePack/Scenes/lineUp/LightingData.asset using Guid(b009fa1b18fb56048a9147adaceb217e) Importer(815301076,1909f56bfc062723c751e8b465ee728b) Lighting data asset LightingData is incompatible with the current Unity version. Please use Generate Lighting to rebuild the lighting data. Realtime Global Illumination cannot be used until the lighting data is rebuilt.
Lighting data asset LightingData is incompatible with the current Unity version because the scene it was baked for was not serialized. Please use Generate Lighting to rebuild the lighting data, or assign the target scene to the Lighting Data Asset in the inspector.
 -> (artifact id: 'eb3214a7d3324ceea2ca2a558ed9c872') in 0.003201 seconds 
========================================================================
Received Import Request.
  Time since last request: 0.123901 seconds.
  path: Assets/greyRoadStudio/LowPolyTreePack/Scenes/lineUp/ReflectionProbe-0.exr
  artifactKey: Guid(a27cf0322793aa94d904fcf712f30ac7) Importer(815301076,1909f56bfc062723c751e8b465ee728b)
Start importing Assets/greyRoadStudio/LowPolyTreePack/Scenes/lineUp/ReflectionProbe-0.exr using Guid(a27cf0322793aa94d904fcf712f30ac7) Importer(815301076,1909f56bfc062723c751e8b465ee728b)  -> (artifact id: 'ab860b019175603d534ce5c2b248adc7') in 0.054887 seconds 
========================================================================
Received Import Request.
  Time since last request: 171.526038 seconds.
  path: Assets/greyRoadStudio/LowPolyTreePack/Scenes/lineUp
  artifactKey: Guid(2df1e1f56b9b77c4bbdeda376cf9895e) Importer(815301076,1909f56bfc062723c751e8b465ee728b)
Start importing Assets/greyRoadStudio/LowPolyTreePack/Scenes/lineUp using Guid(2df1e1f56b9b77c4bbdeda376cf9895e) Importer(815301076,1909f56bfc062723c751e8b465ee728b)  -> (artifact id: 'd17395159ea8cd733dfc4ea3b2bbf27c') in 0.001318 seconds 
========================================================================
Received Import Request.
  Time since last request: 5.357580 seconds.
  path: Assets/greyRoadStudio/LowPolyTreePack/Scenes/lineUp.unity
  artifactKey: Guid(effd1ba0771f494449683f19b5ba24ec) Importer(815301076,1909f56bfc062723c751e8b465ee728b)
Start importing Assets/greyRoadStudio/LowPolyTreePack/Scenes/lineUp.unity using Guid(effd1ba0771f494449683f19b5ba24ec) Importer(815301076,1909f56bfc062723c751e8b465ee728b)  -> (artifact id: '29e2134db93a9c4afd72135026d98717') in 0.001033 seconds 
========================================================================
Received Import Request.
  Time since last request: 48.972348 seconds.
  path: Assets/greyRoadStudio/LowPolyTreePack/New Lighting Settings.lighting
  artifactKey: Guid(20f1e9d8b04b3614eb70950a0b88f9ee) Importer(815301076,1909f56bfc062723c751e8b465ee728b)
Start importing Assets/greyRoadStudio/LowPolyTreePack/New Lighting Settings.lighting using Guid(20f1e9d8b04b3614eb70950a0b88f9ee) Importer(815301076,1909f56bfc062723c751e8b465ee728b)  -> (artifact id: 'dc78aa7e0925a452e37cfef40ee722cd') in 0.003017 seconds 
========================================================================
Received Import Request.
  Time since last request: 34.718547 seconds.
  path: Assets/greyRoadStudio
  artifactKey: Guid(09e3671121f5c444c9ab924c61ff004f) Importer(815301076,1909f56bfc062723c751e8b465ee728b)
Start importing Assets/greyRoadStudio using Guid(09e3671121f5c444c9ab924c61ff004f) Importer(815301076,1909f56bfc062723c751e8b465ee728b)  -> (artifact id: '1da08c14c3887662751b6b7a4bff9aa7') in 0.001102 seconds 
========================================================================
Received Import Request.
  Time since last request: 133.149768 seconds.
  path: Assets/Xfrog
  artifactKey: Guid(d390828193cc09448883e8fbcce559c6) Importer(815301076,1909f56bfc062723c751e8b465ee728b)
Start importing Assets/Xfrog using Guid(d390828193cc09448883e8fbcce559c6) Importer(815301076,1909f56bfc062723c751e8b465ee728b)  -> (artifact id: '7cdff0602617116df311a5477e9dddfc') in 0.001697 seconds 
========================================================================
Received Import Request.
  Time since last request: 0.850491 seconds.
  path: Assets/Xfrog/2022 PBR XfrogPlants Sampler
  artifactKey: Guid(8eb3dd8d85a1a5c4382025a19735b6ce) Importer(815301076,1909f56bfc062723c751e8b465ee728b)
Start importing Assets/Xfrog/2022 PBR XfrogPlants Sampler using Guid(8eb3dd8d85a1a5c4382025a19735b6ce) Importer(815301076,1909f56bfc062723c751e8b465ee728b)  -> (artifact id: 'fac284876089097421c9acdc967c38c4') in 0.001025 seconds 
========================================================================
Received Import Request.
  Time since last request: 1.244947 seconds.
  path: Assets/Xfrog/2022 PBR XfrogPlants Sampler/Prefabs
  artifactKey: Guid(122b94d4dfd4e774188f73c9405c5095) Importer(815301076,1909f56bfc062723c751e8b465ee728b)
Start importing Assets/Xfrog/2022 PBR XfrogPlants Sampler/Prefabs using Guid(122b94d4dfd4e774188f73c9405c5095) Importer(815301076,1909f56bfc062723c751e8b465ee728b)  -> (artifact id: '5f593973a99df875da314dbdceea1066') in 0.001580 seconds 
========================================================================
Received Import Request.
  Time since last request: 0.070698 seconds.
  path: Assets/Xfrog/2022 PBR XfrogPlants Sampler/Prefabs/MESH_AF08_DracaenaDraco_A.prefab
  artifactKey: Guid(c20dc68c378f62241b63187ca3a1f25c) Importer(815301076,1909f56bfc062723c751e8b465ee728b)
Start importing Assets/Xfrog/2022 PBR XfrogPlants Sampler/Prefabs/MESH_AF08_DracaenaDraco_A.prefab using Guid(c20dc68c378f62241b63187ca3a1f25c) Importer(815301076,1909f56bfc062723c751e8b465ee728b)  -> (artifact id: '3c9464ba78d3801244347a82d0f90f06') in 0.151908 seconds 
========================================================================
Received Import Request.
  Time since last request: 0.000038 seconds.
  path: Assets/Xfrog/2022 PBR XfrogPlants Sampler/Prefabs/MESH_BS09_NeriumOleander_Y.prefab
  artifactKey: Guid(081ee9e516a07f841bd2347fae7329b7) Importer(815301076,1909f56bfc062723c751e8b465ee728b)
Start importing Assets/Xfrog/2022 PBR XfrogPlants Sampler/Prefabs/MESH_BS09_NeriumOleander_Y.prefab using Guid(081ee9e516a07f841bd2347fae7329b7) Importer(815301076,1909f56bfc062723c751e8b465ee728b)  -> (artifact id: 'd926d121fc78552acea747cb03774057') in 0.450481 seconds 
========================================================================
Received Import Request.
  Time since last request: 0.000034 seconds.
  path: Assets/Xfrog/2022 PBR XfrogPlants Sampler/Prefabs/MESH_EU01_AcerCampestre_Y.prefab
  artifactKey: Guid(2d8cc0fe38b01be46a799b0e18f5f008) Importer(815301076,1909f56bfc062723c751e8b465ee728b)
Start importing Assets/Xfrog/2022 PBR XfrogPlants Sampler/Prefabs/MESH_EU01_AcerCampestre_Y.prefab using Guid(2d8cc0fe38b01be46a799b0e18f5f008) Importer(815301076,1909f56bfc062723c751e8b465ee728b)  -> (artifact id: 'ed70833f0e0ad16e1cea038dbacc1288') in 0.237026 seconds 
========================================================================
Received Import Request.
  Time since last request: 0.000036 seconds.
  path: Assets/Xfrog/2022 PBR XfrogPlants Sampler/Prefabs/MESH_JA14_PhyllostachysNigraHenonis_Y.prefab
  artifactKey: Guid(8ea0619df9e2ff04ea46a69a605e965c) Importer(815301076,1909f56bfc062723c751e8b465ee728b)
Start importing Assets/Xfrog/2022 PBR XfrogPlants Sampler/Prefabs/MESH_JA14_PhyllostachysNigraHenonis_Y.prefab using Guid(8ea0619df9e2ff04ea46a69a605e965c) Importer(815301076,1909f56bfc062723c751e8b465ee728b)  -> (artifact id: '0c43d6a4023160e0dec03d53962dd76b') in 0.221999 seconds 
========================================================================
Received Import Request.
  Time since last request: 0.000046 seconds.
  path: Assets/Xfrog/2022 PBR XfrogPlants Sampler/Prefabs/MESH_OC56_MelaleucaAlternifolia_Y.prefab
  artifactKey: Guid(6e2594ce8425b384a81d20b5dd163a17) Importer(815301076,1909f56bfc062723c751e8b465ee728b)
Start importing Assets/Xfrog/2022 PBR XfrogPlants Sampler/Prefabs/MESH_OC56_MelaleucaAlternifolia_Y.prefab using Guid(6e2594ce8425b384a81d20b5dd163a17) Importer(815301076,1909f56bfc062723c751e8b465ee728b)  -> (artifact id: 'f41861ca8d7081c0b75ab3011567fd66') in 0.194648 seconds 
========================================================================
Received Import Request.
  Time since last request: 0.000047 seconds.
  path: Assets/Xfrog/2022 PBR XfrogPlants Sampler/Prefabs/MESH_CL04_CalocedrusDecurrens_M.prefab
  artifactKey: Guid(9796b405d08286949b9943d275371988) Importer(815301076,1909f56bfc062723c751e8b465ee728b)
Start importing Assets/Xfrog/2022 PBR XfrogPlants Sampler/Prefabs/MESH_CL04_CalocedrusDecurrens_M.prefab using Guid(9796b405d08286949b9943d275371988) Importer(815301076,1909f56bfc062723c751e8b465ee728b)  -> (artifact id: 'f999b44cbc83587b9cc42372edcd724c') in 0.098232 seconds 
========================================================================
Received Import Request.
  Time since last request: 0.000033 seconds.
  path: Assets/Xfrog/2022 PBR XfrogPlants Sampler/Prefabs/MESH_EU01_AcerCampestre_A.prefab
  artifactKey: Guid(43a9773580b49f04c9f3fbfb5f58cd02) Importer(815301076,1909f56bfc062723c751e8b465ee728b)
Start importing Assets/Xfrog/2022 PBR XfrogPlants Sampler/Prefabs/MESH_EU01_AcerCampestre_A.prefab using Guid(43a9773580b49f04c9f3fbfb5f58cd02) Importer(815301076,1909f56bfc062723c751e8b465ee728b)  -> (artifact id: '35df6a01ce52a47d9a4e4d3a327b3ed3') in 0.130023 seconds 
========================================================================
Received Import Request.
  Time since last request: 0.000032 seconds.
  path: Assets/Xfrog/2022 PBR XfrogPlants Sampler/Prefabs/MESH_EU01_AcerCampestre_M.prefab
  artifactKey: Guid(6c381a7f109abb540a2911b8cb5f3c70) Importer(815301076,1909f56bfc062723c751e8b465ee728b)
Start importing Assets/Xfrog/2022 PBR XfrogPlants Sampler/Prefabs/MESH_EU01_AcerCampestre_M.prefab using Guid(6c381a7f109abb540a2911b8cb5f3c70) Importer(815301076,1909f56bfc062723c751e8b465ee728b)  -> (artifact id: '138fa03a9baa23510b63204d6bcdfbaa') in 0.139502 seconds 
========================================================================
Received Import Request.
  Time since last request: 0.000091 seconds.
  path: Assets/Xfrog/2022 PBR XfrogPlants Sampler/Prefabs/MESH_AF08_DracaenaDraco_Y.prefab
  artifactKey: Guid(6478a2746f723644ba9a209e76b99ef3) Importer(815301076,1909f56bfc062723c751e8b465ee728b)
Start importing Assets/Xfrog/2022 PBR XfrogPlants Sampler/Prefabs/MESH_AF08_DracaenaDraco_Y.prefab using Guid(6478a2746f723644ba9a209e76b99ef3) Importer(815301076,1909f56bfc062723c751e8b465ee728b)  -> (artifact id: '5705f1606a915e8f083e1e74a163622c') in 0.065620 seconds 
========================================================================
Received Import Request.
  Time since last request: 0.000022 seconds.
  path: Assets/Xfrog/2022 PBR XfrogPlants Sampler/Prefabs/MESH_JA14_PhyllostachysNigraHenonis_M.prefab
  artifactKey: Guid(57921b120d129db44b074183b74dd286) Importer(815301076,1909f56bfc062723c751e8b465ee728b)
Start importing Assets/Xfrog/2022 PBR XfrogPlants Sampler/Prefabs/MESH_JA14_PhyllostachysNigraHenonis_M.prefab using Guid(57921b120d129db44b074183b74dd286) Importer(815301076,1909f56bfc062723c751e8b465ee728b)  -> (artifact id: '1280c13b76be117318235fe23263bf44') in 0.187451 seconds 
========================================================================
Received Import Request.
  Time since last request: 439.552414 seconds.
  path: Assets/_Project/Scenes/SampleScene
  artifactKey: Guid(7db7e06f06c058a47aa0c338ac133475) Importer(815301076,1909f56bfc062723c751e8b465ee728b)
Start importing Assets/_Project/Scenes/SampleScene using Guid(7db7e06f06c058a47aa0c338ac133475) Importer(815301076,1909f56bfc062723c751e8b465ee728b)  -> (artifact id: 'c85e224df97983adaefcb1678dae62bb') in 0.002776 seconds 
========================================================================
Received Import Request.
  Time since last request: 0.057011 seconds.
  path: Assets/_Project/Scenes/SampleScene/LightingData.asset
  artifactKey: Guid(babe4c10216927948873ab4bf9d5f2e1) Importer(815301076,1909f56bfc062723c751e8b465ee728b)
Start importing Assets/_Project/Scenes/SampleScene/LightingData.asset using Guid(babe4c10216927948873ab4bf9d5f2e1) Importer(815301076,1909f56bfc062723c751e8b465ee728b)  -> (artifact id: '7cfc6aea5bdd2f3640b4801c3cf9c6b4') in 0.027318 seconds 
========================================================================
Received Import Request.
  Time since last request: 38.680531 seconds.
  path: Assets/_Project/Materials/Grace.mat
  artifactKey: Guid(96f78592a18a6384f8a76b57ac618930) Importer(815301076,1909f56bfc062723c751e8b465ee728b)
Start importing Assets/_Project/Materials/Grace.mat using Guid(96f78592a18a6384f8a76b57ac618930) Importer(815301076,1909f56bfc062723c751e8b465ee728b)  -> (artifact id: '638fbf6530f3bca8cf96ffe77e36d019') in 0.018222 seconds 
========================================================================
Received Import Request.
  Time since last request: 0.140573 seconds.
  path: Assets/_Project/Scenes/SampleScene.unity
  artifactKey: Guid(9fc0d4010bbf28b4594072e72b8655ab) Importer(815301076,1909f56bfc062723c751e8b465ee728b)
Start importing Assets/_Project/Scenes/SampleScene.unity using Guid(9fc0d4010bbf28b4594072e72b8655ab) Importer(815301076,1909f56bfc062723c751e8b465ee728b)  -> (artifact id: 'f29200831fc9bb7be7eca2d3295bd12a') in 0.000924 seconds 
