Using pre-set license
Built from '2021.3/staging' branch; Version is '2021.3.5f1 (40eb3a945986) revision 4254522'; Using compiler version '192829333'; Build Type 'Release'
OS: 'Windows 11  (10.0.22000) 64bit CoreSingleLanguage' Language: 'ru' Physical Memory: 16221 MB
BatchMode: 1, IsHumanControllingUs: 0, StartBugReporterOnCrash: 0, Is64bit: 1, IsPro: 1

COMMAND LINE ARGUMENTS:
D:\Unity\123v\2021.3.5f1\Editor\Unity.exe
-adb2
-batchMode
-noUpm
-name
AssetImportWorker5
-projectPath
D:/Unity/FPU/FirstProjectUnity
-logFile
Logs/AssetImportWorker5.log
-srvPort
51121
Successfully changed project path to: D:/Unity/FPU/FirstProjectUnity
D:/Unity/FPU/FirstProjectUnity
[UnityMemory] Configuration Parameters - Can be set up in boot.config
    "memorysetup-bucket-allocator-granularity=16"
    "memorysetup-bucket-allocator-bucket-count=8"
    "memorysetup-bucket-allocator-block-size=33554432"
    "memorysetup-bucket-allocator-block-count=8"
    "memorysetup-main-allocator-block-size=16777216"
    "memorysetup-thread-allocator-block-size=16777216"
    "memorysetup-gfx-main-allocator-block-size=16777216"
    "memorysetup-gfx-thread-allocator-block-size=16777216"
    "memorysetup-cache-allocator-block-size=4194304"
    "memorysetup-typetree-allocator-block-size=2097152"
    "memorysetup-profiler-bucket-allocator-granularity=16"
    "memorysetup-profiler-bucket-allocator-bucket-count=8"
    "memorysetup-profiler-bucket-allocator-block-size=33554432"
    "memorysetup-profiler-bucket-allocator-block-count=8"
    "memorysetup-profiler-allocator-block-size=16777216"
    "memorysetup-profiler-editor-allocator-block-size=1048576"
    "memorysetup-temp-allocator-size-main=16777216"
    "memorysetup-job-temp-allocator-block-size=2097152"
    "memorysetup-job-temp-allocator-block-size-background=1048576"
    "memorysetup-job-temp-allocator-reduction-small-platforms=262144"
    "memorysetup-temp-allocator-size-background-worker=32768"
    "memorysetup-temp-allocator-size-job-worker=262144"
    "memorysetup-temp-allocator-size-preload-manager=33554432"
    "memorysetup-temp-allocator-size-nav-mesh-worker=65536"
    "memorysetup-temp-allocator-size-audio-worker=65536"
    "memorysetup-temp-allocator-size-cloud-worker=32768"
    "memorysetup-temp-allocator-size-gi-baking-worker=262144"
    "memorysetup-temp-allocator-size-gfx=262144"
Refreshing native plugins compatible for Editor in 163.12 ms, found 3 plugins.
Preloading 0 native plugins for Editor in 0.00 ms.
Initialize engine version: 2021.3.5f1 (40eb3a945986)
[Subsystems] Discovering subsystems at path D:/Unity/123v/2021.3.5f1/Editor/Data/Resources/UnitySubsystems
[Subsystems] Discovering subsystems at path D:/Unity/FPU/FirstProjectUnity/Assets
GfxDevice: creating device client; threaded=0; jobified=0
Direct3D:
    Version:  Direct3D 11.0 [level 11.1]
    Renderer: NVIDIA GeForce GTX 1650 Ti (ID=0x1f95)
    Vendor:   NVIDIA
    VRAM:     3949 MB
    Driver:   31.0.15.2756
Initialize mono
Mono path[0] = 'D:/Unity/123v/2021.3.5f1/Editor/Data/Managed'
Mono path[1] = 'D:/Unity/123v/2021.3.5f1/Editor/Data/MonoBleedingEdge/lib/mono/unityjit-win32'
Mono config path = 'D:/Unity/123v/2021.3.5f1/Editor/Data/MonoBleedingEdge/etc'
Using monoOptions --debugger-agent=transport=dt_socket,embedding=1,server=y,suspend=n,address=127.0.0.1:56128
Begin MonoManager ReloadAssembly
Registering precompiled unity dll's ...
Register platform support module: D:/Unity/123v/2021.3.5f1/Editor/Data/PlaybackEngines/WebGLSupport/UnityEditor.WebGL.Extensions.dll
Register platform support module: D:/Unity/123v/2021.3.5f1/Editor/Data/PlaybackEngines/MacStandaloneSupport/UnityEditor.OSXStandalone.Extensions.dll
Register platform support module: D:/Unity/123v/2021.3.5f1/Editor/Data/PlaybackEngines/AndroidPlayer/UnityEditor.Android.Extensions.dll
Register platform support module: D:/Unity/123v/2021.3.5f1/Editor/Data/PlaybackEngines/iOSSupport/UnityEditor.iOS.Extensions.dll
Register platform support module: D:/Unity/123v/2021.3.5f1/Editor/Data/PlaybackEngines/WindowsStandaloneSupport/UnityEditor.WindowsStandalone.Extensions.dll
Registered in 0.003934 seconds.
Native extension for WindowsStandalone target not found
[usbmuxd] Start listen thread
[usbmuxd] Listen thread started
Native extension for iOS target not found
Native extension for Android target not found
Native extension for OSXStandalone target not found
Native extension for WebGL target not found
Refreshing native plugins compatible for Editor in 214.99 ms, found 3 plugins.
Preloading 0 native plugins for Editor in 0.00 ms.
Mono: successfully reloaded assembly
- Completed reload, in  0.963 seconds
Domain Reload Profiling:
	ReloadAssembly (964ms)
		BeginReloadAssembly (85ms)
			ExecutionOrderSort (0ms)
			DisableScriptedObjects (0ms)
			BackupInstance (0ms)
			ReleaseScriptingObjects (0ms)
			CreateAndSetChildDomain (1ms)
		EndReloadAssembly (751ms)
			LoadAssemblies (85ms)
			RebuildTransferFunctionScriptingTraits (0ms)
			SetupTypeCache (152ms)
			ReleaseScriptCaches (0ms)
			RebuildScriptCaches (39ms)
			SetupLoadedEditorAssemblies (501ms)
				LogAssemblyErrors (0ms)
				InitializePlatformSupportModulesInManaged (85ms)
				SetLoadedEditorAssemblies (0ms)
				RefreshPlugins (215ms)
				BeforeProcessingInitializeOnLoad (2ms)
				ProcessInitializeOnLoadAttributes (142ms)
				ProcessInitializeOnLoadMethodAttributes (57ms)
				AfterProcessingInitializeOnLoad (0ms)
				EditorAssembliesLoaded (0ms)
			ExecutionOrderSort2 (0ms)
			AwakeInstancesAfterBackupRestoration (0ms)
Platform modules already initialized, skipping
Registering precompiled user dll's ...
Registered in 0.004849 seconds.
Android Extension - Scanning For ADB Devices 4504 ms
Begin MonoManager ReloadAssembly
Symbol file LoadedFromMemory doesn't match image D:\Unity\FPU\FirstProjectUnity\Library\PackageCache\com.unity.visualscripting@1.7.8\Editor\VisualScripting.Core\Dependencies\YamlDotNet\Unity.VisualScripting.YamlDotNet.dll
Symbol file LoadedFromMemory doesn't match image D:\Unity\FPU\FirstProjectUnity\Library\PackageCache\com.unity.visualscripting@1.7.8\Editor\VisualScripting.Core\Dependencies\DotNetZip\Unity.VisualScripting.IonicZip.dll
Native extension for WindowsStandalone target not found
Native extension for iOS target not found
Native extension for Android target not found
Native extension for OSXStandalone target not found
Native extension for WebGL target not found
Refreshing native plugins compatible for Editor in 159.49 ms, found 3 plugins.
Preloading 0 native plugins for Editor in 0.00 ms.
Mono: successfully reloaded assembly
- Completed reload, in  3.833 seconds
Domain Reload Profiling:
	ReloadAssembly (3834ms)
		BeginReloadAssembly (136ms)
			ExecutionOrderSort (0ms)
			DisableScriptedObjects (8ms)
			BackupInstance (0ms)
			ReleaseScriptingObjects (0ms)
			CreateAndSetChildDomain (26ms)
		EndReloadAssembly (3314ms)
			LoadAssemblies (1605ms)
			RebuildTransferFunctionScriptingTraits (0ms)
			SetupTypeCache (373ms)
			ReleaseScriptCaches (1ms)
			RebuildScriptCaches (72ms)
			SetupLoadedEditorAssemblies (1170ms)
				LogAssemblyErrors (0ms)
				InitializePlatformSupportModulesInManaged (28ms)
				SetLoadedEditorAssemblies (0ms)
				RefreshPlugins (160ms)
				BeforeProcessingInitializeOnLoad (164ms)
				ProcessInitializeOnLoadAttributes (722ms)
				ProcessInitializeOnLoadMethodAttributes (93ms)
				AfterProcessingInitializeOnLoad (2ms)
				EditorAssembliesLoaded (0ms)
			ExecutionOrderSort2 (0ms)
			AwakeInstancesAfterBackupRestoration (7ms)
Platform modules already initialized, skipping
========================================================================
Worker process is ready to serve import requests
Launched and connected shader compiler UnityShaderCompiler.exe after 0.33 seconds
Refreshing native plugins compatible for Editor in 0.90 ms, found 3 plugins.
Preloading 0 native plugins for Editor in 0.00 ms.
Unloading 6155 Unused Serialized files (Serialized files now loaded: 0)
Unloading 204 unused Assets / (17.1 MB). Loaded Objects now: 6463.
Memory consumption went from 253.6 MB to 236.5 MB.
Total: 9.237700 ms (FindLiveObjects: 0.510400 ms CreateObjectMapping: 0.518300 ms MarkObjects: 3.406800 ms  DeleteObjects: 4.801200 ms)

AssetImportParameters requested are different than current active one (requested -> active):
  custom:video-decoder-ogg-theora: a1e56fd34408186e4bbccfd4996cb3dc -> 
  custom:container-muxer-webm: aa71ff27fc2769a1b78a27578f13a17b -> 
  custom:container-demuxer-webm: 4f35f7cbe854078d1ac9338744f61a02 -> 
  custom:video-encoder-webm-vp8: eb34c28f22e8b96e1ab97ce403110664 -> 
  custom:video-codec-MediaFoundation-h265: 746d11721c4dcdbdad8f713fa42b33f4 -> 
  custom:audio-encoder-webm-vorbis: bf7c407c2cedff20999df2af8eb42d56 -> 
  custom:framework-win-MediaFoundation: 216162199b28c13a410421893ffa2e32 -> 
  custom:container-demuxer-ogg: 62fdf1f143b41e24485cea50d1cbac27 -> 
  custom:video-decoder-webm-vp8: 9c59270c3fd7afecdb556c50c9e8de78 -> 
  custom:audio-decoder-ogg-vorbis: bf7c407c2cedff20999df2af8eb42d56 -> 
========================================================================
Received Import Request.
  Time since last request: 778695.970097 seconds.
  path: Packages/com.unity.textmeshpro/package.json
  artifactKey: Guid(220e9325710f4235a43492dd1ee4980d) Importer(815301076,1909f56bfc062723c751e8b465ee728b)
Start importing Packages/com.unity.textmeshpro/package.json using Guid(220e9325710f4235a43492dd1ee4980d) Importer(815301076,1909f56bfc062723c751e8b465ee728b)  -> (artifact id: '7f445814511be1caffb984507b3a4793') in 0.119026 seconds 
========================================================================
Received Import Request.
  Time since last request: 122.114349 seconds.
  path: Assets/PathCreator/Core/Editor/PathCreatorEditor.asmdef
  artifactKey: Guid(92ee438f32d811247a22ca14bf2a3fe0) Importer(815301076,1909f56bfc062723c751e8b465ee728b)
Start importing Assets/PathCreator/Core/Editor/PathCreatorEditor.asmdef using Guid(92ee438f32d811247a22ca14bf2a3fe0) Importer(815301076,1909f56bfc062723c751e8b465ee728b)  -> (artifact id: 'd29d787bfddb2ce83b3ea81e3c5ee975') in 0.002929 seconds 
========================================================================
Received Import Request.
  Time since last request: 32.632397 seconds.
  path: Assets/PathCreator/Examples/Prefabs/Cube.prefab
  artifactKey: Guid(f19b52bc2573b4e508c60232d5ba4c53) Importer(815301076,1909f56bfc062723c751e8b465ee728b)
Start importing Assets/PathCreator/Examples/Prefabs/Cube.prefab using Guid(f19b52bc2573b4e508c60232d5ba4c53) Importer(815301076,1909f56bfc062723c751e8b465ee728b)  -> (artifact id: '5d7eb33d085583579d34c9118300346e') in 0.849882 seconds 
========================================================================
Received Import Request.
  Time since last request: 0.000022 seconds.
  path: Assets/PathCreator/Examples/Prefabs/Follower.prefab
  artifactKey: Guid(761d600d1e80341ac97f3228771ce637) Importer(815301076,1909f56bfc062723c751e8b465ee728b)
Start importing Assets/PathCreator/Examples/Prefabs/Follower.prefab using Guid(761d600d1e80341ac97f3228771ce637) Importer(815301076,1909f56bfc062723c751e8b465ee728b)  -> (artifact id: '3f070fb1250319cbfe7167e5be2956f3') in 0.023089 seconds 
========================================================================
Received Import Request.
  Time since last request: 47.750832 seconds.
  path: Assets/PathCreator/Examples/Scenes/Object Placement.unity
  artifactKey: Guid(f9d700f5f914447f48566abe5b02d921) Importer(815301076,1909f56bfc062723c751e8b465ee728b)
Start importing Assets/PathCreator/Examples/Scenes/Object Placement.unity using Guid(f9d700f5f914447f48566abe5b02d921) Importer(815301076,1909f56bfc062723c751e8b465ee728b)  -> (artifact id: '0fec773a13c5822e2b9523eb5b0beb13') in 0.001405 seconds 
========================================================================
Received Import Request.
  Time since last request: 408.099254 seconds.
  path: Assets/greyRoadStudio/LowPolyTreePack/Materials/Mat_BirchLeaves.mat
  artifactKey: Guid(6abd4c725e0d6694488c7e592678f08c) Importer(815301076,1909f56bfc062723c751e8b465ee728b)
Start importing Assets/greyRoadStudio/LowPolyTreePack/Materials/Mat_BirchLeaves.mat using Guid(6abd4c725e0d6694488c7e592678f08c) Importer(815301076,1909f56bfc062723c751e8b465ee728b)  -> (artifact id: '7738cd5f2d0a34945424b1cf41f4ab78') in 1.487644 seconds 
========================================================================
Received Import Request.
  Time since last request: 0.000033 seconds.
  path: Assets/greyRoadStudio/LowPolyTreePack/Materials/Mat_PineNeedles.mat
  artifactKey: Guid(793842aefad08de42b1dd9308bd42f57) Importer(815301076,1909f56bfc062723c751e8b465ee728b)
Start importing Assets/greyRoadStudio/LowPolyTreePack/Materials/Mat_PineNeedles.mat using Guid(793842aefad08de42b1dd9308bd42f57) Importer(815301076,1909f56bfc062723c751e8b465ee728b)  -> (artifact id: '94a4442026292855b10b3a0ce53783d4') in 0.012945 seconds 
========================================================================
Received Import Request.
  Time since last request: 0.000033 seconds.
  path: Assets/greyRoadStudio/LowPolyTreePack/Materials/Mat_BirchTree.mat
  artifactKey: Guid(e85d88f441c91ca4c898a36c492940dc) Importer(815301076,1909f56bfc062723c751e8b465ee728b)
Start importing Assets/greyRoadStudio/LowPolyTreePack/Materials/Mat_BirchTree.mat using Guid(e85d88f441c91ca4c898a36c492940dc) Importer(815301076,1909f56bfc062723c751e8b465ee728b)  -> (artifact id: '50433418f277a7d7b9eb5a507bf609b4') in 0.017072 seconds 
========================================================================
Received Import Request.
  Time since last request: 0.000028 seconds.
  path: Assets/greyRoadStudio/LowPolyTreePack/Materials/Mat_OakLeaves.mat
  artifactKey: Guid(34dd48b381bae5f4f80fe8348a0b644e) Importer(815301076,1909f56bfc062723c751e8b465ee728b)
Start importing Assets/greyRoadStudio/LowPolyTreePack/Materials/Mat_OakLeaves.mat using Guid(34dd48b381bae5f4f80fe8348a0b644e) Importer(815301076,1909f56bfc062723c751e8b465ee728b)  -> (artifact id: 'da5deed7441d3b95caf254ac903f7384') in 0.009727 seconds 
========================================================================
Received Import Request.
  Time since last request: 0.000019 seconds.
  path: Assets/greyRoadStudio/LowPolyTreePack/Materials/Mat_Tree.mat
  artifactKey: Guid(8b6f2c2c5ab4c0149b18ba7b50b58178) Importer(815301076,1909f56bfc062723c751e8b465ee728b)
Start importing Assets/greyRoadStudio/LowPolyTreePack/Materials/Mat_Tree.mat using Guid(8b6f2c2c5ab4c0149b18ba7b50b58178) Importer(815301076,1909f56bfc062723c751e8b465ee728b)  -> (artifact id: 'cd23df02fc41ff275c063b4baf8933ee') in 0.011750 seconds 
========================================================================
Received Import Request.
  Time since last request: 84.932138 seconds.
  path: Assets/greyRoadStudio/LowPolyTreePack/Prefabs/birchTree_leafless.prefab
  artifactKey: Guid(be44d0243648ece459799ac0d5d4a2a6) Importer(815301076,1909f56bfc062723c751e8b465ee728b)
Start importing Assets/greyRoadStudio/LowPolyTreePack/Prefabs/birchTree_leafless.prefab using Guid(be44d0243648ece459799ac0d5d4a2a6) Importer(815301076,1909f56bfc062723c751e8b465ee728b)  -> (artifact id: '2a723588021367bb047db2fb7bc3b7bf') in 0.009179 seconds 
========================================================================
Received Import Request.
  Time since last request: 0.000025 seconds.
  path: Assets/greyRoadStudio/LowPolyTreePack/Prefabs/rockGroup01.prefab
  artifactKey: Guid(10dcade9ef34ab642846c4b889ac76e7) Importer(815301076,1909f56bfc062723c751e8b465ee728b)
Start importing Assets/greyRoadStudio/LowPolyTreePack/Prefabs/rockGroup01.prefab using Guid(10dcade9ef34ab642846c4b889ac76e7) Importer(815301076,1909f56bfc062723c751e8b465ee728b)  -> (artifact id: '084de996466009aad406a5f35da9329b') in 0.011243 seconds 
========================================================================
Received Import Request.
  Time since last request: 0.000024 seconds.
  path: Assets/greyRoadStudio/LowPolyTreePack/Prefabs/rockGroup02.prefab
  artifactKey: Guid(8d8b11b2e2435cc4787335555d35714f) Importer(815301076,1909f56bfc062723c751e8b465ee728b)
Start importing Assets/greyRoadStudio/LowPolyTreePack/Prefabs/rockGroup02.prefab using Guid(8d8b11b2e2435cc4787335555d35714f) Importer(815301076,1909f56bfc062723c751e8b465ee728b)  -> (artifact id: '1db4763c8e1327764bc01364be531edd') in 0.011321 seconds 
========================================================================
Received Import Request.
  Time since last request: 0.000028 seconds.
  path: Assets/greyRoadStudio/LowPolyTreePack/Prefabs/oakTree_leafless.prefab
  artifactKey: Guid(3b703535d10b66844a909b8cd4b12fc5) Importer(815301076,1909f56bfc062723c751e8b465ee728b)
Start importing Assets/greyRoadStudio/LowPolyTreePack/Prefabs/oakTree_leafless.prefab using Guid(3b703535d10b66844a909b8cd4b12fc5) Importer(815301076,1909f56bfc062723c751e8b465ee728b)  -> (artifact id: '226bdb71967712651d3f44b70cc265c4') in 0.010574 seconds 
========================================================================
Received Import Request.
  Time since last request: 0.000031 seconds.
  path: Assets/greyRoadStudio/LowPolyTreePack/Prefabs/pineTree05.prefab
  artifactKey: Guid(abf04ed981f9b0e4daef0f76c3c9fc7c) Importer(815301076,1909f56bfc062723c751e8b465ee728b)
Start importing Assets/greyRoadStudio/LowPolyTreePack/Prefabs/pineTree05.prefab using Guid(abf04ed981f9b0e4daef0f76c3c9fc7c) Importer(815301076,1909f56bfc062723c751e8b465ee728b)  -> (artifact id: 'd58ae1c916f224eba1ce8b74c0d08a5a') in 0.014971 seconds 
========================================================================
Received Import Request.
  Time since last request: 0.000030 seconds.
  path: Assets/greyRoadStudio/LowPolyTreePack/Prefabs/rockGroup03.prefab
  artifactKey: Guid(88cc729ed2bce0b458f679b575dab345) Importer(815301076,1909f56bfc062723c751e8b465ee728b)
Start importing Assets/greyRoadStudio/LowPolyTreePack/Prefabs/rockGroup03.prefab using Guid(88cc729ed2bce0b458f679b575dab345) Importer(815301076,1909f56bfc062723c751e8b465ee728b)  -> (artifact id: '42ec5a58699b49b770cc52da00e72516') in 0.014339 seconds 
========================================================================
Received Import Request.
  Time since last request: 0.000030 seconds.
  path: Assets/greyRoadStudio/LowPolyTreePack/Prefabs/pineTree03.prefab
  artifactKey: Guid(e191e21fcb275784a9f8b6d08dcd932c) Importer(815301076,1909f56bfc062723c751e8b465ee728b)
Start importing Assets/greyRoadStudio/LowPolyTreePack/Prefabs/pineTree03.prefab using Guid(e191e21fcb275784a9f8b6d08dcd932c) Importer(815301076,1909f56bfc062723c751e8b465ee728b)  -> (artifact id: 'c67bfd384cb2f50fa402d4a2b7051562') in 0.013668 seconds 
========================================================================
Received Import Request.
  Time since last request: 0.000039 seconds.
  path: Assets/greyRoadStudio/LowPolyTreePack/Prefabs/mountain.prefab
  artifactKey: Guid(81f51ec42d5c7784aa8e8d5298eddaa0) Importer(815301076,1909f56bfc062723c751e8b465ee728b)
Start importing Assets/greyRoadStudio/LowPolyTreePack/Prefabs/mountain.prefab using Guid(81f51ec42d5c7784aa8e8d5298eddaa0) Importer(815301076,1909f56bfc062723c751e8b465ee728b)  -> (artifact id: '801ee6c5c1beff406067a4f9e56cef58') in 0.017785 seconds 
========================================================================
Received Import Request.
  Time since last request: 0.000030 seconds.
  path: Assets/greyRoadStudio/LowPolyTreePack/Prefabs/treeStump.prefab
  artifactKey: Guid(c0aa33e678586aa43a1a9254fdfdfb4d) Importer(815301076,1909f56bfc062723c751e8b465ee728b)
Start importing Assets/greyRoadStudio/LowPolyTreePack/Prefabs/treeStump.prefab using Guid(c0aa33e678586aa43a1a9254fdfdfb4d) Importer(815301076,1909f56bfc062723c751e8b465ee728b)  -> (artifact id: '801e1849c8c9a8f12a47cf64dcd947ed') in 0.010997 seconds 
========================================================================
Received Import Request.
  Time since last request: 0.000024 seconds.
  path: Assets/greyRoadStudio/LowPolyTreePack/Prefabs/pineTree.prefab
  artifactKey: Guid(3e07483cd9aa6a141bb9c8e2d2c2bdad) Importer(815301076,1909f56bfc062723c751e8b465ee728b)
Start importing Assets/greyRoadStudio/LowPolyTreePack/Prefabs/pineTree.prefab using Guid(3e07483cd9aa6a141bb9c8e2d2c2bdad) Importer(815301076,1909f56bfc062723c751e8b465ee728b)  -> (artifact id: 'c8fa670a1c5e58bbe2f9ab6b05b9fcdc') in 0.011271 seconds 
========================================================================
Received Import Request.
  Time since last request: 9.619610 seconds.
  path: Assets/greyRoadStudio/LowPolyTreePack/Models/birchTree_leafless.fbx
  artifactKey: Guid(05bac68c5ab8b3d4a89f1030377162ab) Importer(815301076,1909f56bfc062723c751e8b465ee728b)
Start importing Assets/greyRoadStudio/LowPolyTreePack/Models/birchTree_leafless.fbx using Guid(05bac68c5ab8b3d4a89f1030377162ab) Importer(815301076,1909f56bfc062723c751e8b465ee728b)  -> (artifact id: '9ae48ad0efd5c0cc505067e2fbbe2f03') in 0.048261 seconds 
========================================================================
Received Import Request.
  Time since last request: 0.000034 seconds.
  path: Assets/greyRoadStudio/LowPolyTreePack/Models/pineTree05.fbx
  artifactKey: Guid(8821e6a51b1defd4db5c85af2f215af7) Importer(815301076,1909f56bfc062723c751e8b465ee728b)
Start importing Assets/greyRoadStudio/LowPolyTreePack/Models/pineTree05.fbx using Guid(8821e6a51b1defd4db5c85af2f215af7) Importer(815301076,1909f56bfc062723c751e8b465ee728b)  -> (artifact id: '78edf043f6a0a884098664b9019b3d78') in 0.028742 seconds 
========================================================================
Received Import Request.
  Time since last request: 0.000033 seconds.
  path: Assets/greyRoadStudio/LowPolyTreePack/Models/pineTree04.fbx
  artifactKey: Guid(977972e3f92f5e647b1ebad395149050) Importer(815301076,1909f56bfc062723c751e8b465ee728b)
Start importing Assets/greyRoadStudio/LowPolyTreePack/Models/pineTree04.fbx using Guid(977972e3f92f5e647b1ebad395149050) Importer(815301076,1909f56bfc062723c751e8b465ee728b)  -> (artifact id: 'f7af38ea935f22a820adf4d996e0e638') in 0.026526 seconds 
========================================================================
Received Import Request.
  Time since last request: 0.000023 seconds.
  path: Assets/greyRoadStudio/LowPolyTreePack/Models/oakTree.fbx
  artifactKey: Guid(ccafc2ea8bec52841ac2b9fd34238310) Importer(815301076,1909f56bfc062723c751e8b465ee728b)
Start importing Assets/greyRoadStudio/LowPolyTreePack/Models/oakTree.fbx using Guid(ccafc2ea8bec52841ac2b9fd34238310) Importer(815301076,1909f56bfc062723c751e8b465ee728b)  -> (artifact id: '250ca6fedb8892e0e79d8bb271eed80f') in 0.023472 seconds 
========================================================================
Received Import Request.
  Time since last request: 0.000032 seconds.
  path: Assets/greyRoadStudio/LowPolyTreePack/Models/rockGroup02.fbx
  artifactKey: Guid(0ea1e9698b38fcf459ce485aaaacd211) Importer(815301076,1909f56bfc062723c751e8b465ee728b)
Start importing Assets/greyRoadStudio/LowPolyTreePack/Models/rockGroup02.fbx using Guid(0ea1e9698b38fcf459ce485aaaacd211) Importer(815301076,1909f56bfc062723c751e8b465ee728b)  -> (artifact id: '50e201e540d87039bc073756f9797ac1') in 0.021876 seconds 
========================================================================
Received Import Request.
  Time since last request: 0.000029 seconds.
  path: Assets/greyRoadStudio/LowPolyTreePack/Models/tree.fbx
  artifactKey: Guid(1fc71d46bd91b21459596d37ee587fe2) Importer(815301076,1909f56bfc062723c751e8b465ee728b)
Start importing Assets/greyRoadStudio/LowPolyTreePack/Models/tree.fbx using Guid(1fc71d46bd91b21459596d37ee587fe2) Importer(815301076,1909f56bfc062723c751e8b465ee728b)  -> (artifact id: 'f65f57e7e33d3557c142ad05b4e0a765') in 0.017465 seconds 
========================================================================
Received Import Request.
  Time since last request: 0.000019 seconds.
  path: Assets/greyRoadStudio/LowPolyTreePack/Models/mountain.fbx
  artifactKey: Guid(4882698f19d48dd42af12117cea6f02b) Importer(815301076,1909f56bfc062723c751e8b465ee728b)
Start importing Assets/greyRoadStudio/LowPolyTreePack/Models/mountain.fbx using Guid(4882698f19d48dd42af12117cea6f02b) Importer(815301076,1909f56bfc062723c751e8b465ee728b)  -> (artifact id: 'e7e0155ecfbe4acac2bee4ab8f6fddd2') in 0.013101 seconds 
========================================================================
Received Import Request.
  Time since last request: 0.000020 seconds.
  path: Assets/greyRoadStudio/LowPolyTreePack/Models/rockGroup01.fbx
  artifactKey: Guid(ce05bacb958420d44b5c27f0d00462e0) Importer(815301076,1909f56bfc062723c751e8b465ee728b)
Start importing Assets/greyRoadStudio/LowPolyTreePack/Models/rockGroup01.fbx using Guid(ce05bacb958420d44b5c27f0d00462e0) Importer(815301076,1909f56bfc062723c751e8b465ee728b)  -> (artifact id: '9ec88fb7e9aa3d8001025e9a87a634be') in 0.016825 seconds 
========================================================================
Received Import Request.
  Time since last request: 0.000020 seconds.
  path: Assets/greyRoadStudio/LowPolyTreePack/Models/oakTree_leafless.fbx
  artifactKey: Guid(e3d54c8d2447c9f4b9ad5d2021da4b42) Importer(815301076,1909f56bfc062723c751e8b465ee728b)
Start importing Assets/greyRoadStudio/LowPolyTreePack/Models/oakTree_leafless.fbx using Guid(e3d54c8d2447c9f4b9ad5d2021da4b42) Importer(815301076,1909f56bfc062723c751e8b465ee728b)  -> (artifact id: 'cf20297a878a6344581f2429c6d2412d') in 0.015413 seconds 
========================================================================
Received Import Request.
  Time since last request: 479.234581 seconds.
  path: Assets/Xfrog/2022 PBR XfrogPlants Sampler/Prefabs/MESH_AF08_DracaenaDraco_M.prefab
  artifactKey: Guid(0cba7b77b4adadb4b83e5826074f14ce) Importer(815301076,1909f56bfc062723c751e8b465ee728b)
Start importing Assets/Xfrog/2022 PBR XfrogPlants Sampler/Prefabs/MESH_AF08_DracaenaDraco_M.prefab using Guid(0cba7b77b4adadb4b83e5826074f14ce) Importer(815301076,1909f56bfc062723c751e8b465ee728b)  -> (artifact id: '1ed5eebfcb36025f2e0baefb58886bf2') in 0.124846 seconds 
========================================================================
Received Import Request.
  Time since last request: 0.000035 seconds.
  path: Assets/Xfrog/2022 PBR XfrogPlants Sampler/Prefabs/MESH_OC56_MelaleucaAlternifolia_A.prefab
  artifactKey: Guid(5014d4f67eb967c40bb52a8cdb699822) Importer(815301076,1909f56bfc062723c751e8b465ee728b)
Start importing Assets/Xfrog/2022 PBR XfrogPlants Sampler/Prefabs/MESH_OC56_MelaleucaAlternifolia_A.prefab using Guid(5014d4f67eb967c40bb52a8cdb699822) Importer(815301076,1909f56bfc062723c751e8b465ee728b)  -> (artifact id: 'd80711a2046ca85387e54aa4519a78d6') in 0.457761 seconds 
========================================================================
Received Import Request.
  Time since last request: 0.000032 seconds.
  path: Assets/Xfrog/2022 PBR XfrogPlants Sampler/Prefabs/MESH_BS09_NeriumOleander_M.prefab
  artifactKey: Guid(e2c2dd21facc4ce499c001d87973253b) Importer(815301076,1909f56bfc062723c751e8b465ee728b)
Start importing Assets/Xfrog/2022 PBR XfrogPlants Sampler/Prefabs/MESH_BS09_NeriumOleander_M.prefab using Guid(e2c2dd21facc4ce499c001d87973253b) Importer(815301076,1909f56bfc062723c751e8b465ee728b)  -> (artifact id: '158be9159d2b67e8821b0bef66852c66') in 0.298472 seconds 
========================================================================
Received Import Request.
  Time since last request: 0.000030 seconds.
  path: Assets/Xfrog/2022 PBR XfrogPlants Sampler/Prefabs/MESH_CL04_CalocedrusDecurrens_A.prefab
  artifactKey: Guid(606d1d185f7ea5542bbabb8196eb3e38) Importer(815301076,1909f56bfc062723c751e8b465ee728b)
Start importing Assets/Xfrog/2022 PBR XfrogPlants Sampler/Prefabs/MESH_CL04_CalocedrusDecurrens_A.prefab using Guid(606d1d185f7ea5542bbabb8196eb3e38) Importer(815301076,1909f56bfc062723c751e8b465ee728b)  -> (artifact id: '4c32eda42b974ec8ce354ee171e655fe') in 0.087098 seconds 
========================================================================
Received Import Request.
  Time since last request: 0.000096 seconds.
  path: Assets/Xfrog/2022 PBR XfrogPlants Sampler/Prefabs/MESH_BS09_NeriumOleander_A.prefab
  artifactKey: Guid(01b2c0441d296d64b95d8c1503e4043d) Importer(815301076,1909f56bfc062723c751e8b465ee728b)
Start importing Assets/Xfrog/2022 PBR XfrogPlants Sampler/Prefabs/MESH_BS09_NeriumOleander_A.prefab using Guid(01b2c0441d296d64b95d8c1503e4043d) Importer(815301076,1909f56bfc062723c751e8b465ee728b)  -> (artifact id: '5ec8414f5dceee8a1ce819c72c6bbaf5') in 0.304682 seconds 
========================================================================
Received Import Request.
  Time since last request: 0.000035 seconds.
  path: Assets/Xfrog/2022 PBR XfrogPlants Sampler/Prefabs/MESH_JA14_PhyllostachysNigraHenonis_A.prefab
  artifactKey: Guid(6fdeddf5aab3c9a4395bc830b6db771c) Importer(815301076,1909f56bfc062723c751e8b465ee728b)
Start importing Assets/Xfrog/2022 PBR XfrogPlants Sampler/Prefabs/MESH_JA14_PhyllostachysNigraHenonis_A.prefab using Guid(6fdeddf5aab3c9a4395bc830b6db771c) Importer(815301076,1909f56bfc062723c751e8b465ee728b)  -> (artifact id: '615a17a2c4caa10eab37f117ffbaa96c') in 0.155197 seconds 
========================================================================
Received Import Request.
  Time since last request: 0.000044 seconds.
  path: Assets/Xfrog/2022 PBR XfrogPlants Sampler/Prefabs/MESH_CL04_CalocedrusDecurrens_Y.prefab
  artifactKey: Guid(d9211ba8d59d43b4f9b31f5d832549a9) Importer(815301076,1909f56bfc062723c751e8b465ee728b)
Start importing Assets/Xfrog/2022 PBR XfrogPlants Sampler/Prefabs/MESH_CL04_CalocedrusDecurrens_Y.prefab using Guid(d9211ba8d59d43b4f9b31f5d832549a9) Importer(815301076,1909f56bfc062723c751e8b465ee728b)  -> (artifact id: '32d3859a4c852afe77b364b0656281fa') in 0.077194 seconds 
========================================================================
Received Import Request.
  Time since last request: 0.000111 seconds.
  path: Assets/Xfrog/2022 PBR XfrogPlants Sampler/Prefabs/MESH_OC56_MelaleucaAlternifolia_M.prefab
  artifactKey: Guid(f1a79b7c21e682047af9fa8949c191b0) Importer(815301076,1909f56bfc062723c751e8b465ee728b)
Start importing Assets/Xfrog/2022 PBR XfrogPlants Sampler/Prefabs/MESH_OC56_MelaleucaAlternifolia_M.prefab using Guid(f1a79b7c21e682047af9fa8949c191b0) Importer(815301076,1909f56bfc062723c751e8b465ee728b)  -> (artifact id: 'de3ba0f987496191946350ad56d754c2') in 0.290811 seconds 
========================================================================
Received Import Request.
  Time since last request: 439.735341 seconds.
  path: Assets/_Project/Scenes/SampleScene/ReflectionProbe-0.exr
  artifactKey: Guid(c234b4a1b5a240844896a8bb84800dbd) Importer(815301076,1909f56bfc062723c751e8b465ee728b)
Start importing Assets/_Project/Scenes/SampleScene/ReflectionProbe-0.exr using Guid(c234b4a1b5a240844896a8bb84800dbd) Importer(815301076,1909f56bfc062723c751e8b465ee728b)  -> (artifact id: '319b8bfd1a8b4b9a7e0194d7a6215230') in 0.105511 seconds 
